00: 123456789
+---+---+---+
|7  |   |   |
|   |   |   |
|   |   |   |
+---+---+---+
|   |   |   |
|   |   |   |
|   |   |   |
+---+---+---+
|   |   |   |
|   |   |   |
|   |   |   |
+---+---+---+
01: 12345689
+---+---+---+
|73 |   |   |
|   |   |   |
|   |   |   |
+---+---+---+
|   |   |   |
|   |   |   |
|   |   |   |
+---+---+---+
|   |   |   |
|   |   |   |
|   |   |   |
+---+---+---+
02: 1245689
+---+---+---+
|738|   |   |
|   |   |   |
|   |   |   |
+---+---+---+
|   |   |   |
|   |   |   |
|   |   |   |
+---+---+---+
|   |   |   |
|   |   |   |
|   |   |   |
+---+---+---+
03: 124569
+---+---+---+
|738|1  |   |
|   |   |   |
|   |   |   |
+---+---+---+
|   |   |   |
|   |   |   |
|   |   |   |
+---+---+---+
|   |   |   |
|   |   |   |
|   |   |   |
+---+---+---+
04: 24569
+---+---+---+
|738|15 |   |
|   |   |   |
|   |   |   |
+---+---+---+
|   |   |   |
|   |   |   |
|   |   |   |
+---+---+---+
|   |   |   |
|   |   |   |
|   |   |   |
+---+---+---+
05: 2469
+---+---+---+
|738|156|   |
|   |   |   |
|   |   |   |
+---+---+---+
|   |   |   |
|   |   |   |
|   |   |   |
+---+---+---+
|   |   |   |
|   |   |   |
|   |   |   |
+---+---+---+
06: 249
+---+---+---+
|738|156|9  |
|   |   |   |
|   |   |   |
+---+---+---+
|   |   |   |
|   |   |   |
|   |   |   |
+---+---+---+
|   |   |   |
|   |   |   |
|   |   |   |
+---+---+---+
07: 24
+---+---+---+
|738|156|92 |
|   |   |   |
|   |   |   |
+---+---+---+
|   |   |   |
|   |   |   |
|   |   |   |
+---+---+---+
|   |   |   |
|   |   |   |
|   |   |   |
+---+---+---+
08: 4
+---+---+---+
|738|156|924|
|   |   |   |
|   |   |   |
+---+---+---+
|   |   |   |
|   |   |   |
|   |   |   |
+---+---+---+
|   |   |   |
|   |   |   |
|   |   |   |
+---+---+---+
10: 124569
+---+---+---+
|738|156|924|
|6  |   |   |
|   |   |   |
+---+---+---+
|   |   |   |
|   |   |   |
|   |   |   |
+---+---+---+
|   |   |   |
|   |   |   |
|   |   |   |
+---+---+---+
11: 249
+---+---+---+
|738|156|924|
|69 |   |   |
|   |   |   |
+---+---+---+
|   |   |   |
|   |   |   |
|   |   |   |
+---+---+---+
|   |   |   |
|   |   |   |
|   |   |   |
+---+---+---+
BACKTRACK
+---+---+---+
|738|156|924|
|64 |   |   |
|   |   |   |
+---+---+---+
|   |   |   |
|   |   |   |
|   |   |   |
+---+---+---+
|   |   |   |
|   |   |   |
|   |   |   |
+---+---+---+
12: 9
+---+---+---+
|738|156|924|
|649|   |   |
|   |   |   |
+---+---+---+
|   |   |   |
|   |   |   |
|   |   |   |
+---+---+---+
|   |   |   |
|   |   |   |
|   |   |   |
+---+---+---+
13: 378
+---+---+---+
|738|156|924|
|649|3  |   |
|   |   |   |
+---+---+---+
|   |   |   |
|   |   |   |
|   |   |   |
+---+---+---+
|   |   |   |
|   |   |   |
|   |   |   |
+---+---+---+
14: 178
+---+---+---+
|738|156|924|
|649|37 |   |
|   |   |   |
+---+---+---+
|   |   |   |
|   |   |   |
|   |   |   |
+---+---+---+
|   |   |   |
|   |   |   |
|   |   |   |
+---+---+---+
15: 1258
+---+---+---+
|738|156|924|
|649|372|   |
|   |   |   |
+---+---+---+
|   |   |   |
|   |   |   |
|   |   |   |
+---+---+---+
|   |   |   |
|   |   |   |
|   |   |   |
+---+---+---+
16: 158
+---+---+---+
|738|156|924|
|649|372|8  |
|   |   |   |
+---+---+---+
|   |   |   |
|   |   |   |
|   |   |   |
+---+---+---+
|   |   |   |
|   |   |   |
|   |   |   |
+---+---+---+
17: 15
+---+---+---+
|738|156|924|
|649|372|81 |
|   |   |   |
+---+---+---+
|   |   |   |
|   |   |   |
|   |   |   |
+---+---+---+
|   |   |   |
|   |   |   |
|   |   |   |
+---+---+---+
18: 5
+---+---+---+
|738|156|924|
|649|372|815|
|   |   |   |
+---+---+---+
|   |   |   |
|   |   |   |
|   |   |   |
+---+---+---+
|   |   |   |
|   |   |   |
|   |   |   |
+---+---+---+
20: 125
+---+---+---+
|738|156|924|
|649|372|815|
|5  |   |   |
+---+---+---+
|   |   |   |
|   |   |   |
|   |   |   |
+---+---+---+
|   |   |   |
|   |   |   |
|   |   |   |
+---+---+---+
BACKTRACK
+---+---+---+
|738|156|924|
|649|372|815|
|1  |   |   |
+---+---+---+
|   |   |   |
|   |   |   |
|   |   |   |
+---+---+---+
|   |   |   |
|   |   |   |
|   |   |   |
+---+---+---+
21: 5
+---+---+---+
|738|156|924|
|649|372|815|
|15 |   |   |
+---+---+---+
|   |   |   |
|   |   |   |
|   |   |   |
+---+---+---+
|   |   |   |
|   |   |   |
|   |   |   |
+---+---+---+
BACKTRACK
+---+---+---+
|738|156|924|
|649|372|815|
|2  |   |   |
+---+---+---+
|   |   |   |
|   |   |   |
|   |   |   |
+---+---+---+
|   |   |   |
|   |   |   |
|   |   |   |
+---+---+---+
21: 15
+---+---+---+
|738|156|924|
|649|372|815|
|25 |   |   |
+---+---+---+
|   |   |   |
|   |   |   |
|   |   |   |
+---+---+---+
|   |   |   |
|   |   |   |
|   |   |   |
+---+---+---+
22: 1
+---+---+---+
|738|156|924|
|649|372|815|
|251|   |   |
+---+---+---+
|   |   |   |
|   |   |   |
|   |   |   |
+---+---+---+
|   |   |   |
|   |   |   |
|   |   |   |
+---+---+---+
BACKTRACK
+---+---+---+
|738|156|924|
|649|372|815|
|21 |   |   |
+---+---+---+
|   |   |   |
|   |   |   |
|   |   |   |
+---+---+---+
|   |   |   |
|   |   |   |
|   |   |   |
+---+---+---+
22: 5
+---+---+---+
|738|156|924|
|649|372|815|
|215|   |   |
+---+---+---+
|   |   |   |
|   |   |   |
|   |   |   |
+---+---+---+
|   |   |   |
|   |   |   |
|   |   |   |
+---+---+---+
BACKTRACK
+---+---+---+
|738|156|924|
|649|372|85 |
|   |   |   |
+---+---+---+
|   |   |   |
|   |   |   |
|   |   |   |
+---+---+---+
|   |   |   |
|   |   |   |
|   |   |   |
+---+---+---+
18: 1
+---+---+---+
|738|156|924|
|649|372|851|
|   |   |   |
+---+---+---+
|   |   |   |
|   |   |   |
|   |   |   |
+---+---+---+
|   |   |   |
|   |   |   |
|   |   |   |
+---+---+---+
20: 125
+---+---+---+
|738|156|924|
|649|372|851|
|5  |   |   |
+---+---+---+
|   |   |   |
|   |   |   |
|   |   |   |
+---+---+---+
|   |   |   |
|   |   |   |
|   |   |   |
+---+---+---+
21: 12
+---+---+---+
|738|156|924|
|649|372|851|
|52 |   |   |
+---+---+---+
|   |   |   |
|   |   |   |
|   |   |   |
+---+---+---+
|   |   |   |
|   |   |   |
|   |   |   |
+---+---+---+
BACKTRACK
+---+---+---+
|738|156|924|
|649|372|851|
|51 |   |   |
+---+---+---+
|   |   |   |
|   |   |   |
|   |   |   |
+---+---+---+
|   |   |   |
|   |   |   |
|   |   |   |
+---+---+---+
22: 2
+---+---+---+
|738|156|924|
|649|372|851|
|512|   |   |
+---+---+---+
|   |   |   |
|   |   |   |
|   |   |   |
+---+---+---+
|   |   |   |
|   |   |   |
|   |   |   |
+---+---+---+
BACKTRACK
+---+---+---+
|738|156|924|
|649|372|851|
|2  |   |   |
+---+---+---+
|   |   |   |
|   |   |   |
|   |   |   |
+---+---+---+
|   |   |   |
|   |   |   |
|   |   |   |
+---+---+---+
21: 15
+---+---+---+
|738|156|924|
|649|372|851|
|21 |   |   |
+---+---+---+
|   |   |   |
|   |   |   |
|   |   |   |
+---+---+---+
|   |   |   |
|   |   |   |
|   |   |   |
+---+---+---+
22: 5
+---+---+---+
|738|156|924|
|649|372|851|
|215|   |   |
+---+---+---+
|   |   |   |
|   |   |   |
|   |   |   |
+---+---+---+
|   |   |   |
|   |   |   |
|   |   |   |
+---+---+---+
BACKTRACK
+---+---+---+
|738|156|924|
|649|372|851|
|25 |   |   |
+---+---+---+
|   |   |   |
|   |   |   |
|   |   |   |
+---+---+---+
|   |   |   |
|   |   |   |
|   |   |   |
+---+---+---+
22: 1
+---+---+---+
|738|156|924|
|649|372|851|
|251|   |   |
+---+---+---+
|   |   |   |
|   |   |   |
|   |   |   |
+---+---+---+
|   |   |   |
|   |   |   |
|   |   |   |
+---+---+---+
BACKTRACK
+---+---+---+
|738|156|924|
|649|372|851|
|1  |   |   |
+---+---+---+
|   |   |   |
|   |   |   |
|   |   |   |
+---+---+---+
|   |   |   |
|   |   |   |
|   |   |   |
+---+---+---+
21: 25
+---+---+---+
|738|156|924|
|649|372|851|
|15 |   |   |
+---+---+---+
|   |   |   |
|   |   |   |
|   |   |   |
+---+---+---+
|   |   |   |
|   |   |   |
|   |   |   |
+---+---+---+
22: 2
+---+---+---+
|738|156|924|
|649|372|851|
|152|   |   |
+---+---+---+
|   |   |   |
|   |   |   |
|   |   |   |
+---+---+---+
|   |   |   |
|   |   |   |
|   |   |   |
+---+---+---+
BACKTRACK
+---+---+---+
|738|156|924|
|649|372|851|
|12 |   |   |
+---+---+---+
|   |   |   |
|   |   |   |
|   |   |   |
+---+---+---+
|   |   |   |
|   |   |   |
|   |   |   |
+---+---+---+
22: 5
+---+---+---+
|738|156|924|
|649|372|851|
|125|   |   |
+---+---+---+
|   |   |   |
|   |   |   |
|   |   |   |
+---+---+---+
|   |   |   |
|   |   |   |
|   |   |   |
+---+---+---+
BACKTRACK
+---+---+---+
|738|156|924|
|649|372|5  |
|   |   |   |
+---+---+---+
|   |   |   |
|   |   |   |
|   |   |   |
+---+---+---+
|   |   |   |
|   |   |   |
|   |   |   |
+---+---+---+
17: 18
+---+---+---+
|738|156|924|
|649|372|58 |
|   |   |   |
+---+---+---+
|   |   |   |
|   |   |   |
|   |   |   |
+---+---+---+
|   |   |   |
|   |   |   |
|   |   |   |
+---+---+---+
18: 1
+---+---+---+
|738|156|924|
|649|372|581|
|   |   |   |
+---+---+---+
|   |   |   |
|   |   |   |
|   |   |   |
+---+---+---+
|   |   |   |
|   |   |   |
|   |   |   |
+---+---+---+
20: 125
+---+---+---+
|738|156|924|
|649|372|581|
|2  |   |   |
+---+---+---+
|   |   |   |
|   |   |   |
|   |   |   |
+---+---+---+
|   |   |   |
|   |   |   |
|   |   |   |
+---+---+---+
21: 15
+---+---+---+
|738|156|924|
|649|372|581|
|21 |   |   |
+---+---+---+
|   |   |   |
|   |   |   |
|   |   |   |
+---+---+---+
|   |   |   |
|   |   |   |
|   |   |   |
+---+---+---+
BACKTRACK
+---+---+---+
|738|156|924|
|649|372|581|
|25 |   |   |
+---+---+---+
|   |   |   |
|   |   |   |
|   |   |   |
+---+---+---+
|   |   |   |
|   |   |   |
|   |   |   |
+---+---+---+
22: 1
+---+---+---+
|738|156|924|
|649|372|581|
|251|   |   |
+---+---+---+
|   |   |   |
|   |   |   |
|   |   |   |
+---+---+---+
|   |   |   |
|   |   |   |
|   |   |   |
+---+---+---+
BACKTRACK
+---+---+---+
|738|156|924|
|649|372|581|
|1  |   |   |
+---+---+---+
|   |   |   |
|   |   |   |
|   |   |   |
+---+---+---+
|   |   |   |
|   |   |   |
|   |   |   |
+---+---+---+
21: 25
+---+---+---+
|738|156|924|
|649|372|581|
|12 |   |   |
+---+---+---+
|   |   |   |
|   |   |   |
|   |   |   |
+---+---+---+
|   |   |   |
|   |   |   |
|   |   |   |
+---+---+---+
22: 5
+---+---+---+
|738|156|924|
|649|372|581|
|125|   |   |
+---+---+---+
|   |   |   |
|   |   |   |
|   |   |   |
+---+---+---+
|   |   |   |
|   |   |   |
|   |   |   |
+---+---+---+
BACKTRACK
+---+---+---+
|738|156|924|
|649|372|581|
|15 |   |   |
+---+---+---+
|   |   |   |
|   |   |   |
|   |   |   |
+---+---+---+
|   |   |   |
|   |   |   |
|   |   |   |
+---+---+---+
22: 2
+---+---+---+
|738|156|924|
|649|372|581|
|152|   |   |
+---+---+---+
|   |   |   |
|   |   |   |
|   |   |   |
+---+---+---+
|   |   |   |
|   |   |   |
|   |   |   |
+---+---+---+
BACKTRACK
+---+---+---+
|738|156|924|
|649|372|581|
|5  |   |   |
+---+---+---+
|   |   |   |
|   |   |   |
|   |   |   |
+---+---+---+
|   |   |   |
|   |   |   |
|   |   |   |
+---+---+---+
21: 12
+---+---+---+
|738|156|924|
|649|372|581|
|52 |   |   |
+---+---+---+
|   |   |   |
|   |   |   |
|   |   |   |
+---+---+---+
|   |   |   |
|   |   |   |
|   |   |   |
+---+---+---+
22: 1
+---+---+---+
|738|156|924|
|649|372|581|
|521|   |   |
+---+---+---+
|   |   |   |
|   |   |   |
|   |   |   |
+---+---+---+
|   |   |   |
|   |   |   |
|   |   |   |
+---+---+---+
BACKTRACK
+---+---+---+
|738|156|924|
|649|372|581|
|51 |   |   |
+---+---+---+
|   |   |   |
|   |   |   |
|   |   |   |
+---+---+---+
|   |   |   |
|   |   |   |
|   |   |   |
+---+---+---+
22: 2
+---+---+---+
|738|156|924|
|649|372|581|
|512|   |   |
+---+---+---+
|   |   |   |
|   |   |   |
|   |   |   |
+---+---+---+
|   |   |   |
|   |   |   |
|   |   |   |
+---+---+---+
BACKTRACK
+---+---+---+
|738|156|924|
|649|372|51 |
|   |   |   |
+---+---+---+
|   |   |   |
|   |   |   |
|   |   |   |
+---+---+---+
|   |   |   |
|   |   |   |
|   |   |   |
+---+---+---+
18: 8
+---+---+---+
|738|156|924|
|649|372|518|
|   |   |   |
+---+---+---+
|   |   |   |
|   |   |   |
|   |   |   |
+---+---+---+
|   |   |   |
|   |   |   |
|   |   |   |
+---+---+---+
20: 125
+---+---+---+
|738|156|924|
|649|372|518|
|2  |   |   |
+---+---+---+
|   |   |   |
|   |   |   |
|   |   |   |
+---+---+---+
|   |   |   |
|   |   |   |
|   |   |   |
+---+---+---+
21: 15
+---+---+---+
|738|156|924|
|649|372|518|
|21 |   |   |
+---+---+---+
|   |   |   |
|   |   |   |
|   |   |   |
+---+---+---+
|   |   |   |
|   |   |   |
|   |   |   |
+---+---+---+
22: 5
+---+---+---+
|738|156|924|
|649|372|518|
|215|   |   |
+---+---+---+
|   |   |   |
|   |   |   |
|   |   |   |
+---+---+---+
|   |   |   |
|   |   |   |
|   |   |   |
+---+---+---+
BACKTRACK
+---+---+---+
|738|156|924|
|649|372|518|
|25 |   |   |
+---+---+---+
|   |   |   |
|   |   |   |
|   |   |   |
+---+---+---+
|   |   |   |
|   |   |   |
|   |   |   |
+---+---+---+
22: 1
+---+---+---+
|738|156|924|
|649|372|518|
|251|   |   |
+---+---+---+
|   |   |   |
|   |   |   |
|   |   |   |
+---+---+---+
|   |   |   |
|   |   |   |
|   |   |   |
+---+---+---+
BACKTRACK
+---+---+---+
|738|156|924|
|649|372|518|
|1  |   |   |
+---+---+---+
|   |   |   |
|   |   |   |
|   |   |   |
+---+---+---+
|   |   |   |
|   |   |   |
|   |   |   |
+---+---+---+
21: 25
+---+---+---+
|738|156|924|
|649|372|518|
|12 |   |   |
+---+---+---+
|   |   |   |
|   |   |   |
|   |   |   |
+---+---+---+
|   |   |   |
|   |   |   |
|   |   |   |
+---+---+---+
22: 5
+---+---+---+
|738|156|924|
|649|372|518|
|125|   |   |
+---+---+---+
|   |   |   |
|   |   |   |
|   |   |   |
+---+---+---+
|   |   |   |
|   |   |   |
|   |   |   |
+---+---+---+
BACKTRACK
+---+---+---+
|738|156|924|
|649|372|518|
|15 |   |   |
+---+---+---+
|   |   |   |
|   |   |   |
|   |   |   |
+---+---+---+
|   |   |   |
|   |   |   |
|   |   |   |
+---+---+---+
22: 2
+---+---+---+
|738|156|924|
|649|372|518|
|152|   |   |
+---+---+---+
|   |   |   |
|   |   |   |
|   |   |   |
+---+---+---+
|   |   |   |
|   |   |   |
|   |   |   |
+---+---+---+
BACKTRACK
+---+---+---+
|738|156|924|
|649|372|518|
|5  |   |   |
+---+---+---+
|   |   |   |
|   |   |   |
|   |   |   |
+---+---+---+
|   |   |   |
|   |   |   |
|   |   |   |
+---+---+---+
21: 12
+---+---+---+
|738|156|924|
|649|372|518|
|51 |   |   |
+---+---+---+
|   |   |   |
|   |   |   |
|   |   |   |
+---+---+---+
|   |   |   |
|   |   |   |
|   |   |   |
+---+---+---+
22: 2
+---+---+---+
|738|156|924|
|649|372|518|
|512|   |   |
+---+---+---+
|   |   |   |
|   |   |   |
|   |   |   |
+---+---+---+
|   |   |   |
|   |   |   |
|   |   |   |
+---+---+---+
BACKTRACK
+---+---+---+
|738|156|924|
|649|372|518|
|52 |   |   |
+---+---+---+
|   |   |   |
|   |   |   |
|   |   |   |
+---+---+---+
|   |   |   |
|   |   |   |
|   |   |   |
+---+---+---+
22: 1
+---+---+---+
|738|156|924|
|649|372|518|
|521|   |   |
+---+---+---+
|   |   |   |
|   |   |   |
|   |   |   |
+---+---+---+
|   |   |   |
|   |   |   |
|   |   |   |
+---+---+---+
BACKTRACK
+---+---+---+
|738|156|924|
|649|372|1  |
|   |   |   |
+---+---+---+
|   |   |   |
|   |   |   |
|   |   |   |
+---+---+---+
|   |   |   |
|   |   |   |
|   |   |   |
+---+---+---+
17: 58
+---+---+---+
|738|156|924|
|649|372|18 |
|   |   |   |
+---+---+---+
|   |   |   |
|   |   |   |
|   |   |   |
+---+---+---+
|   |   |   |
|   |   |   |
|   |   |   |
+---+---+---+
18: 5
+---+---+---+
|738|156|924|
|649|372|185|
|   |   |   |
+---+---+---+
|   |   |   |
|   |   |   |
|   |   |   |
+---+---+---+
|   |   |   |
|   |   |   |
|   |   |   |
+---+---+---+
20: 125
+---+---+---+
|738|156|924|
|649|372|185|
|1  |   |   |
+---+---+---+
|   |   |   |
|   |   |   |
|   |   |   |
+---+---+---+
|   |   |   |
|   |   |   |
|   |   |   |
+---+---+---+
21: 25
+---+---+---+
|738|156|924|
|649|372|185|
|12 |   |   |
+---+---+---+
|   |   |   |
|   |   |   |
|   |   |   |
+---+---+---+
|   |   |   |
|   |   |   |
|   |   |   |
+---+---+---+
BACKTRACK
+---+---+---+
|738|156|924|
|649|372|185|
|15 |   |   |
+---+---+---+
|   |   |   |
|   |   |   |
|   |   |   |
+---+---+---+
|   |   |   |
|   |   |   |
|   |   |   |
+---+---+---+
22: 2
+---+---+---+
|738|156|924|
|649|372|185|
|152|   |   |
+---+---+---+
|   |   |   |
|   |   |   |
|   |   |   |
+---+---+---+
|   |   |   |
|   |   |   |
|   |   |   |
+---+---+---+
BACKTRACK
+---+---+---+
|738|156|924|
|649|372|185|
|2  |   |   |
+---+---+---+
|   |   |   |
|   |   |   |
|   |   |   |
+---+---+---+
|   |   |   |
|   |   |   |
|   |   |   |
+---+---+---+
21: 15
+---+---+---+
|738|156|924|
|649|372|185|
|25 |   |   |
+---+---+---+
|   |   |   |
|   |   |   |
|   |   |   |
+---+---+---+
|   |   |   |
|   |   |   |
|   |   |   |
+---+---+---+
22: 1
+---+---+---+
|738|156|924|
|649|372|185|
|251|   |   |
+---+---+---+
|   |   |   |
|   |   |   |
|   |   |   |
+---+---+---+
|   |   |   |
|   |   |   |
|   |   |   |
+---+---+---+
BACKTRACK
+---+---+---+
|738|156|924|
|649|372|185|
|21 |   |   |
+---+---+---+
|   |   |   |
|   |   |   |
|   |   |   |
+---+---+---+
|   |   |   |
|   |   |   |
|   |   |   |
+---+---+---+
22: 5
+---+---+---+
|738|156|924|
|649|372|185|
|215|   |   |
+---+---+---+
|   |   |   |
|   |   |   |
|   |   |   |
+---+---+---+
|   |   |   |
|   |   |   |
|   |   |   |
+---+---+---+
BACKTRACK
+---+---+---+
|738|156|924|
|649|372|185|
|5  |   |   |
+---+---+---+
|   |   |   |
|   |   |   |
|   |   |   |
+---+---+---+
|   |   |   |
|   |   |   |
|   |   |   |
+---+---+---+
21: 12
+---+---+---+
|738|156|924|
|649|372|185|
|52 |   |   |
+---+---+---+
|   |   |   |
|   |   |   |
|   |   |   |
+---+---+---+
|   |   |   |
|   |   |   |
|   |   |   |
+---+---+---+
22: 1
+---+---+---+
|738|156|924|
|649|372|185|
|521|   |   |
+---+---+---+
|   |   |   |
|   |   |   |
|   |   |   |
+---+---+---+
|   |   |   |
|   |   |   |
|   |   |   |
+---+---+---+
BACKTRACK
+---+---+---+
|738|156|924|
|649|372|185|
|51 |   |   |
+---+---+---+
|   |   |   |
|   |   |   |
|   |   |   |
+---+---+---+
|   |   |   |
|   |   |   |
|   |   |   |
+---+---+---+
22: 2
+---+---+---+
|738|156|924|
|649|372|185|
|512|   |   |
+---+---+---+
|   |   |   |
|   |   |   |
|   |   |   |
+---+---+---+
|   |   |   |
|   |   |   |
|   |   |   |
+---+---+---+
BACKTRACK
+---+---+---+
|738|156|924|
|649|372|15 |
|   |   |   |
+---+---+---+
|   |   |   |
|   |   |   |
|   |   |   |
+---+---+---+
|   |   |   |
|   |   |   |
|   |   |   |
+---+---+---+
18: 8
+---+---+---+
|738|156|924|
|649|372|158|
|   |   |   |
+---+---+---+
|   |   |   |
|   |   |   |
|   |   |   |
+---+---+---+
|   |   |   |
|   |   |   |
|   |   |   |
+---+---+---+
20: 125
+---+---+---+
|738|156|924|
|649|372|158|
|2  |   |   |
+---+---+---+
|   |   |   |
|   |   |   |
|   |   |   |
+---+---+---+
|   |   |   |
|   |   |   |
|   |   |   |
+---+---+---+
21: 15
+---+---+---+
|738|156|924|
|649|372|158|
|21 |   |   |
+---+---+---+
|   |   |   |
|   |   |   |
|   |   |   |
+---+---+---+
|   |   |   |
|   |   |   |
|   |   |   |
+---+---+---+
BACKTRACK
+---+---+---+
|738|156|924|
|649|372|158|
|25 |   |   |
+---+---+---+
|   |   |   |
|   |   |   |
|   |   |   |
+---+---+---+
|   |   |   |
|   |   |   |
|   |   |   |
+---+---+---+
22: 1
+---+---+---+
|738|156|924|
|649|372|158|
|251|   |   |
+---+---+---+
|   |   |   |
|   |   |   |
|   |   |   |
+---+---+---+
|   |   |   |
|   |   |   |
|   |   |   |
+---+---+---+
BACKTRACK
+---+---+---+
|738|156|924|
|649|372|158|
|5  |   |   |
+---+---+---+
|   |   |   |
|   |   |   |
|   |   |   |
+---+---+---+
|   |   |   |
|   |   |   |
|   |   |   |
+---+---+---+
21: 12
+---+---+---+
|738|156|924|
|649|372|158|
|51 |   |   |
+---+---+---+
|   |   |   |
|   |   |   |
|   |   |   |
+---+---+---+
|   |   |   |
|   |   |   |
|   |   |   |
+---+---+---+
22: 2
+---+---+---+
|738|156|924|
|649|372|158|
|512|   |   |
+---+---+---+
|   |   |   |
|   |   |   |
|   |   |   |
+---+---+---+
|   |   |   |
|   |   |   |
|   |   |   |
+---+---+---+
BACKTRACK
+---+---+---+
|738|156|924|
|649|372|158|
|52 |   |   |
+---+---+---+
|   |   |   |
|   |   |   |
|   |   |   |
+---+---+---+
|   |   |   |
|   |   |   |
|   |   |   |
+---+---+---+
22: 1
+---+---+---+
|738|156|924|
|649|372|158|
|521|   |   |
+---+---+---+
|   |   |   |
|   |   |   |
|   |   |   |
+---+---+---+
|   |   |   |
|   |   |   |
|   |   |   |
+---+---+---+
BACKTRACK
+---+---+---+
|738|156|924|
|649|372|158|
|1  |   |   |
+---+---+---+
|   |   |   |
|   |   |   |
|   |   |   |
+---+---+---+
|   |   |   |
|   |   |   |
|   |   |   |
+---+---+---+
21: 25
+---+---+---+
|738|156|924|
|649|372|158|
|12 |   |   |
+---+---+---+
|   |   |   |
|   |   |   |
|   |   |   |
+---+---+---+
|   |   |   |
|   |   |   |
|   |   |   |
+---+---+---+
22: 5
+---+---+---+
|738|156|924|
|649|372|158|
|125|   |   |
+---+---+---+
|   |   |   |
|   |   |   |
|   |   |   |
+---+---+---+
|   |   |   |
|   |   |   |
|   |   |   |
+---+---+---+
BACKTRACK
+---+---+---+
|738|156|924|
|649|372|158|
|15 |   |   |
+---+---+---+
|   |   |   |
|   |   |   |
|   |   |   |
+---+---+---+
|   |   |   |
|   |   |   |
|   |   |   |
+---+---+---+
22: 2
+---+---+---+
|738|156|924|
|649|372|158|
|152|   |   |
+---+---+---+
|   |   |   |
|   |   |   |
|   |   |   |
+---+---+---+
|   |   |   |
|   |   |   |
|   |   |   |
+---+---+---+
BACKTRACK
+---+---+---+
|738|156|924|
|649|371|   |
|   |   |   |
+---+---+---+
|   |   |   |
|   |   |   |
|   |   |   |
+---+---+---+
|   |   |   |
|   |   |   |
|   |   |   |
+---+---+---+
16: 258
+---+---+---+
|738|156|924|
|649|371|8  |
|   |   |   |
+---+---+---+
|   |   |   |
|   |   |   |
|   |   |   |
+---+---+---+
|   |   |   |
|   |   |   |
|   |   |   |
+---+---+---+
17: 25
+---+---+---+
|738|156|924|
|649|371|82 |
|   |   |   |
+---+---+---+
|   |   |   |
|   |   |   |
|   |   |   |
+---+---+---+
|   |   |   |
|   |   |   |
|   |   |   |
+---+---+---+
18: 5
+---+---+---+
|738|156|924|
|649|371|825|
|   |   |   |
+---+---+---+
|   |   |   |
|   |   |   |
|   |   |   |
+---+---+---+
|   |   |   |
|   |   |   |
|   |   |   |
+---+---+---+
20: 125
+---+---+---+
|738|156|924|
|649|371|825|
|5  |   |   |
+---+---+---+
|   |   |   |
|   |   |   |
|   |   |   |
+---+---+---+
|   |   |   |
|   |   |   |
|   |   |   |
+---+---+---+
21: 2
+---+---+---+
|738|156|924|
|649|371|825|
|52 |   |   |
+---+---+---+
|   |   |   |
|   |   |   |
|   |   |   |
+---+---+---+
|   |   |   |
|   |   |   |
|   |   |   |
+---+---+---+
BACKTRACK
+---+---+---+
|738|156|924|
|649|371|825|
|1  |   |   |
+---+---+---+
|   |   |   |
|   |   |   |
|   |   |   |
+---+---+---+
|   |   |   |
|   |   |   |
|   |   |   |
+---+---+---+
21: 25
+---+---+---+
|738|156|924|
|649|371|825|
|15 |   |   |
+---+---+---+
|   |   |   |
|   |   |   |
|   |   |   |
+---+---+---+
|   |   |   |
|   |   |   |
|   |   |   |
+---+---+---+
22: 2
+---+---+---+
|738|156|924|
|649|371|825|
|152|   |   |
+---+---+---+
|   |   |   |
|   |   |   |
|   |   |   |
+---+---+---+
|   |   |   |
|   |   |   |
|   |   |   |
+---+---+---+
BACKTRACK
+---+---+---+
|738|156|924|
|649|371|825|
|12 |   |   |
+---+---+---+
|   |   |   |
|   |   |   |
|   |   |   |
+---+---+---+
|   |   |   |
|   |   |   |
|   |   |   |
+---+---+---+
22: 5
+---+---+---+
|738|156|924|
|649|371|825|
|125|   |   |
+---+---+---+
|   |   |   |
|   |   |   |
|   |   |   |
+---+---+---+
|   |   |   |
|   |   |   |
|   |   |   |
+---+---+---+
BACKTRACK
+---+---+---+
|738|156|924|
|649|371|825|
|2  |   |   |
+---+---+---+
|   |   |   |
|   |   |   |
|   |   |   |
+---+---+---+
|   |   |   |
|   |   |   |
|   |   |   |
+---+---+---+
21: 15
+---+---+---+
|738|156|924|
|649|371|825|
|25 |   |   |
+---+---+---+
|   |   |   |
|   |   |   |
|   |   |   |
+---+---+---+
|   |   |   |
|   |   |   |
|   |   |   |
+---+---+---+
22: 1
+---+---+---+
|738|156|924|
|649|371|825|
|251|   |   |
+---+---+---+
|   |   |   |
|   |   |   |
|   |   |   |
+---+---+---+
|   |   |   |
|   |   |   |
|   |   |   |
+---+---+---+
BACKTRACK
+---+---+---+
|738|156|924|
|649|371|825|
|21 |   |   |
+---+---+---+
|   |   |   |
|   |   |   |
|   |   |   |
+---+---+---+
|   |   |   |
|   |   |   |
|   |   |   |
+---+---+---+
22: 5
+---+---+---+
|738|156|924|
|649|371|825|
|215|   |   |
+---+---+---+
|   |   |   |
|   |   |   |
|   |   |   |
+---+---+---+
|   |   |   |
|   |   |   |
|   |   |   |
+---+---+---+
BACKTRACK
+---+---+---+
|738|156|924|
|649|371|85 |
|   |   |   |
+---+---+---+
|   |   |   |
|   |   |   |
|   |   |   |
+---+---+---+
|   |   |   |
|   |   |   |
|   |   |   |
+---+---+---+
18: 2
+---+---+---+
|738|156|924|
|649|371|852|
|   |   |   |
+---+---+---+
|   |   |   |
|   |   |   |
|   |   |   |
+---+---+---+
|   |   |   |
|   |   |   |
|   |   |   |
+---+---+---+
20: 125
+---+---+---+
|738|156|924|
|649|371|852|
|5  |   |   |
+---+---+---+
|   |   |   |
|   |   |   |
|   |   |   |
+---+---+---+
|   |   |   |
|   |   |   |
|   |   |   |
+---+---+---+
21: 12
+---+---+---+
|738|156|924|
|649|371|852|
|52 |   |   |
+---+---+---+
|   |   |   |
|   |   |   |
|   |   |   |
+---+---+---+
|   |   |   |
|   |   |   |
|   |   |   |
+---+---+---+
22: 1
+---+---+---+
|738|156|924|
|649|371|852|
|521|   |   |
+---+---+---+
|   |   |   |
|   |   |   |
|   |   |   |
+---+---+---+
|   |   |   |
|   |   |   |
|   |   |   |
+---+---+---+
BACKTRACK
+---+---+---+
|738|156|924|
|649|371|852|
|51 |   |   |
+---+---+---+
|   |   |   |
|   |   |   |
|   |   |   |
+---+---+---+
|   |   |   |
|   |   |   |
|   |   |   |
+---+---+---+
22: 2
+---+---+---+
|738|156|924|
|649|371|852|
|512|   |   |
+---+---+---+
|   |   |   |
|   |   |   |
|   |   |   |
+---+---+---+
|   |   |   |
|   |   |   |
|   |   |   |
+---+---+---+
BACKTRACK
+---+---+---+
|738|156|924|
|649|371|852|
|1  |   |   |
+---+---+---+
|   |   |   |
|   |   |   |
|   |   |   |
+---+---+---+
|   |   |   |
|   |   |   |
|   |   |   |
+---+---+---+
21: 25
+---+---+---+
|738|156|924|
|649|371|852|
|12 |   |   |
+---+---+---+
|   |   |   |
|   |   |   |
|   |   |   |
+---+---+---+
|   |   |   |
|   |   |   |
|   |   |   |
+---+---+---+
22: 5
+---+---+---+
|738|156|924|
|649|371|852|
|125|   |   |
+---+---+---+
|   |   |   |
|   |   |   |
|   |   |   |
+---+---+---+
|   |   |   |
|   |   |   |
|   |   |   |
+---+---+---+
BACKTRACK
+---+---+---+
|738|156|924|
|649|371|852|
|15 |   |   |
+---+---+---+
|   |   |   |
|   |   |   |
|   |   |   |
+---+---+---+
|   |   |   |
|   |   |   |
|   |   |   |
+---+---+---+
22: 2
+---+---+---+
|738|156|924|
|649|371|852|
|152|   |   |
+---+---+---+
|   |   |   |
|   |   |   |
|   |   |   |
+---+---+---+
|   |   |   |
|   |   |   |
|   |   |   |
+---+---+---+
BACKTRACK
+---+---+---+
|738|156|924|
|649|371|852|
|2  |   |   |
+---+---+---+
|   |   |   |
|   |   |   |
|   |   |   |
+---+---+---+
|   |   |   |
|   |   |   |
|   |   |   |
+---+---+---+
21: 15
+---+---+---+
|738|156|924|
|649|371|852|
|21 |   |   |
+---+---+---+
|   |   |   |
|   |   |   |
|   |   |   |
+---+---+---+
|   |   |   |
|   |   |   |
|   |   |   |
+---+---+---+
22: 5
+---+---+---+
|738|156|924|
|649|371|852|
|215|   |   |
+---+---+---+
|   |   |   |
|   |   |   |
|   |   |   |
+---+---+---+
|   |   |   |
|   |   |   |
|   |   |   |
+---+---+---+
BACKTRACK
+---+---+---+
|738|156|924|
|649|371|852|
|25 |   |   |
+---+---+---+
|   |   |   |
|   |   |   |
|   |   |   |
+---+---+---+
|   |   |   |
|   |   |   |
|   |   |   |
+---+---+---+
22: 1
+---+---+---+
|738|156|924|
|649|371|852|
|251|   |   |
+---+---+---+
|   |   |   |
|   |   |   |
|   |   |   |
+---+---+---+
|   |   |   |
|   |   |   |
|   |   |   |
+---+---+---+
BACKTRACK
+---+---+---+
|738|156|924|
|649|371|5  |
|   |   |   |
+---+---+---+
|   |   |   |
|   |   |   |
|   |   |   |
+---+---+---+
|   |   |   |
|   |   |   |
|   |   |   |
+---+---+---+
17: 28
+---+---+---+
|738|156|924|
|649|371|52 |
|   |   |   |
+---+---+---+
|   |   |   |
|   |   |   |
|   |   |   |
+---+---+---+
|   |   |   |
|   |   |   |
|   |   |   |
+---+---+---+
18: 8
+---+---+---+
|738|156|924|
|649|371|528|
|   |   |   |
+---+---+---+
|   |   |   |
|   |   |   |
|   |   |   |
+---+---+---+
|   |   |   |
|   |   |   |
|   |   |   |
+---+---+---+
20: 125
+---+---+---+
|738|156|924|
|649|371|528|
|5  |   |   |
+---+---+---+
|   |   |   |
|   |   |   |
|   |   |   |
+---+---+---+
|   |   |   |
|   |   |   |
|   |   |   |
+---+---+---+
21: 12
+---+---+---+
|738|156|924|
|649|371|528|
|51 |   |   |
+---+---+---+
|   |   |   |
|   |   |   |
|   |   |   |
+---+---+---+
|   |   |   |
|   |   |   |
|   |   |   |
+---+---+---+
BACKTRACK
+---+---+---+
|738|156|924|
|649|371|528|
|52 |   |   |
+---+---+---+
|   |   |   |
|   |   |   |
|   |   |   |
+---+---+---+
|   |   |   |
|   |   |   |
|   |   |   |
+---+---+---+
22: 1
+---+---+---+
|738|156|924|
|649|371|528|
|521|   |   |
+---+---+---+
|   |   |   |
|   |   |   |
|   |   |   |
+---+---+---+
|   |   |   |
|   |   |   |
|   |   |   |
+---+---+---+
BACKTRACK
+---+---+---+
|738|156|924|
|649|371|528|
|2  |   |   |
+---+---+---+
|   |   |   |
|   |   |   |
|   |   |   |
+---+---+---+
|   |   |   |
|   |   |   |
|   |   |   |
+---+---+---+
21: 15
+---+---+---+
|738|156|924|
|649|371|528|
|25 |   |   |
+---+---+---+
|   |   |   |
|   |   |   |
|   |   |   |
+---+---+---+
|   |   |   |
|   |   |   |
|   |   |   |
+---+---+---+
22: 1
+---+---+---+
|738|156|924|
|649|371|528|
|251|   |   |
+---+---+---+
|   |   |   |
|   |   |   |
|   |   |   |
+---+---+---+
|   |   |   |
|   |   |   |
|   |   |   |
+---+---+---+
BACKTRACK
+---+---+---+
|738|156|924|
|649|371|528|
|21 |   |   |
+---+---+---+
|   |   |   |
|   |   |   |
|   |   |   |
+---+---+---+
|   |   |   |
|   |   |   |
|   |   |   |
+---+---+---+
22: 5
+---+---+---+
|738|156|924|
|649|371|528|
|215|   |   |
+---+---+---+
|   |   |   |
|   |   |   |
|   |   |   |
+---+---+---+
|   |   |   |
|   |   |   |
|   |   |   |
+---+---+---+
BACKTRACK
+---+---+---+
|738|156|924|
|649|371|528|
|1  |   |   |
+---+---+---+
|   |   |   |
|   |   |   |
|   |   |   |
+---+---+---+
|   |   |   |
|   |   |   |
|   |   |   |
+---+---+---+
21: 25
+---+---+---+
|738|156|924|
|649|371|528|
|12 |   |   |
+---+---+---+
|   |   |   |
|   |   |   |
|   |   |   |
+---+---+---+
|   |   |   |
|   |   |   |
|   |   |   |
+---+---+---+
22: 5
+---+---+---+
|738|156|924|
|649|371|528|
|125|   |   |
+---+---+---+
|   |   |   |
|   |   |   |
|   |   |   |
+---+---+---+
|   |   |   |
|   |   |   |
|   |   |   |
+---+---+---+
BACKTRACK
+---+---+---+
|738|156|924|
|649|371|528|
|15 |   |   |
+---+---+---+
|   |   |   |
|   |   |   |
|   |   |   |
+---+---+---+
|   |   |   |
|   |   |   |
|   |   |   |
+---+---+---+
22: 2
+---+---+---+
|738|156|924|
|649|371|528|
|152|   |   |
+---+---+---+
|   |   |   |
|   |   |   |
|   |   |   |
+---+---+---+
|   |   |   |
|   |   |   |
|   |   |   |
+---+---+---+
BACKTRACK
+---+---+---+
|738|156|924|
|649|371|58 |
|   |   |   |
+---+---+---+
|   |   |   |
|   |   |   |
|   |   |   |
+---+---+---+
|   |   |   |
|   |   |   |
|   |   |   |
+---+---+---+
18: 2
+---+---+---+
|738|156|924|
|649|371|582|
|   |   |   |
+---+---+---+
|   |   |   |
|   |   |   |
|   |   |   |
+---+---+---+
|   |   |   |
|   |   |   |
|   |   |   |
+---+---+---+
20: 125
+---+---+---+
|738|156|924|
|649|371|582|
|1  |   |   |
+---+---+---+
|   |   |   |
|   |   |   |
|   |   |   |
+---+---+---+
|   |   |   |
|   |   |   |
|   |   |   |
+---+---+---+
21: 25
+---+---+---+
|738|156|924|
|649|371|582|
|15 |   |   |
+---+---+---+
|   |   |   |
|   |   |   |
|   |   |   |
+---+---+---+
|   |   |   |
|   |   |   |
|   |   |   |
+---+---+---+
BACKTRACK
+---+---+---+
|738|156|924|
|649|371|582|
|12 |   |   |
+---+---+---+
|   |   |   |
|   |   |   |
|   |   |   |
+---+---+---+
|   |   |   |
|   |   |   |
|   |   |   |
+---+---+---+
22: 5
+---+---+---+
|738|156|924|
|649|371|582|
|125|   |   |
+---+---+---+
|   |   |   |
|   |   |   |
|   |   |   |
+---+---+---+
|   |   |   |
|   |   |   |
|   |   |   |
+---+---+---+
BACKTRACK
+---+---+---+
|738|156|924|
|649|371|582|
|2  |   |   |
+---+---+---+
|   |   |   |
|   |   |   |
|   |   |   |
+---+---+---+
|   |   |   |
|   |   |   |
|   |   |   |
+---+---+---+
21: 15
+---+---+---+
|738|156|924|
|649|371|582|
|25 |   |   |
+---+---+---+
|   |   |   |
|   |   |   |
|   |   |   |
+---+---+---+
|   |   |   |
|   |   |   |
|   |   |   |
+---+---+---+
22: 1
+---+---+---+
|738|156|924|
|649|371|582|
|251|   |   |
+---+---+---+
|   |   |   |
|   |   |   |
|   |   |   |
+---+---+---+
|   |   |   |
|   |   |   |
|   |   |   |
+---+---+---+
BACKTRACK
+---+---+---+
|738|156|924|
|649|371|582|
|21 |   |   |
+---+---+---+
|   |   |   |
|   |   |   |
|   |   |   |
+---+---+---+
|   |   |   |
|   |   |   |
|   |   |   |
+---+---+---+
22: 5
+---+---+---+
|738|156|924|
|649|371|582|
|215|   |   |
+---+---+---+
|   |   |   |
|   |   |   |
|   |   |   |
+---+---+---+
|   |   |   |
|   |   |   |
|   |   |   |
+---+---+---+
BACKTRACK
+---+---+---+
|738|156|924|
|649|371|582|
|5  |   |   |
+---+---+---+
|   |   |   |
|   |   |   |
|   |   |   |
+---+---+---+
|   |   |   |
|   |   |   |
|   |   |   |
+---+---+---+
21: 12
+---+---+---+
|738|156|924|
|649|371|582|
|51 |   |   |
+---+---+---+
|   |   |   |
|   |   |   |
|   |   |   |
+---+---+---+
|   |   |   |
|   |   |   |
|   |   |   |
+---+---+---+
22: 2
+---+---+---+
|738|156|924|
|649|371|582|
|512|   |   |
+---+---+---+
|   |   |   |
|   |   |   |
|   |   |   |
+---+---+---+
|   |   |   |
|   |   |   |
|   |   |   |
+---+---+---+
BACKTRACK
+---+---+---+
|738|156|924|
|649|371|582|
|52 |   |   |
+---+---+---+
|   |   |   |
|   |   |   |
|   |   |   |
+---+---+---+
|   |   |   |
|   |   |   |
|   |   |   |
+---+---+---+
22: 1
+---+---+---+
|738|156|924|
|649|371|582|
|521|   |   |
+---+---+---+
|   |   |   |
|   |   |   |
|   |   |   |
+---+---+---+
|   |   |   |
|   |   |   |
|   |   |   |
+---+---+---+
BACKTRACK
+---+---+---+
|738|156|924|
|649|371|2  |
|   |   |   |
+---+---+---+
|   |   |   |
|   |   |   |
|   |   |   |
+---+---+---+
|   |   |   |
|   |   |   |
|   |   |   |
+---+---+---+
17: 58
+---+---+---+
|738|156|924|
|649|371|28 |
|   |   |   |
+---+---+---+
|   |   |   |
|   |   |   |
|   |   |   |
+---+---+---+
|   |   |   |
|   |   |   |
|   |   |   |
+---+---+---+
18: 5
+---+---+---+
|738|156|924|
|649|371|285|
|   |   |   |
+---+---+---+
|   |   |   |
|   |   |   |
|   |   |   |
+---+---+---+
|   |   |   |
|   |   |   |
|   |   |   |
+---+---+---+
20: 125
+---+---+---+
|738|156|924|
|649|371|285|
|5  |   |   |
+---+---+---+
|   |   |   |
|   |   |   |
|   |   |   |
+---+---+---+
|   |   |   |
|   |   |   |
|   |   |   |
+---+---+---+
21: 12
+---+---+---+
|738|156|924|
|649|371|285|
|52 |   |   |
+---+---+---+
|   |   |   |
|   |   |   |
|   |   |   |
+---+---+---+
|   |   |   |
|   |   |   |
|   |   |   |
+---+---+---+
22: 1
+---+---+---+
|738|156|924|
|649|371|285|
|521|   |   |
+---+---+---+
|   |   |   |
|   |   |   |
|   |   |   |
+---+---+---+
|   |   |   |
|   |   |   |
|   |   |   |
+---+---+---+
BACKTRACK
+---+---+---+
|738|156|924|
|649|371|285|
|51 |   |   |
+---+---+---+
|   |   |   |
|   |   |   |
|   |   |   |
+---+---+---+
|   |   |   |
|   |   |   |
|   |   |   |
+---+---+---+
22: 2
+---+---+---+
|738|156|924|
|649|371|285|
|512|   |   |
+---+---+---+
|   |   |   |
|   |   |   |
|   |   |   |
+---+---+---+
|   |   |   |
|   |   |   |
|   |   |   |
+---+---+---+
BACKTRACK
+---+---+---+
|738|156|924|
|649|371|285|
|1  |   |   |
+---+---+---+
|   |   |   |
|   |   |   |
|   |   |   |
+---+---+---+
|   |   |   |
|   |   |   |
|   |   |   |
+---+---+---+
21: 25
+---+---+---+
|738|156|924|
|649|371|285|
|12 |   |   |
+---+---+---+
|   |   |   |
|   |   |   |
|   |   |   |
+---+---+---+
|   |   |   |
|   |   |   |
|   |   |   |
+---+---+---+
22: 5
+---+---+---+
|738|156|924|
|649|371|285|
|125|   |   |
+---+---+---+
|   |   |   |
|   |   |   |
|   |   |   |
+---+---+---+
|   |   |   |
|   |   |   |
|   |   |   |
+---+---+---+
BACKTRACK
+---+---+---+
|738|156|924|
|649|371|285|
|15 |   |   |
+---+---+---+
|   |   |   |
|   |   |   |
|   |   |   |
+---+---+---+
|   |   |   |
|   |   |   |
|   |   |   |
+---+---+---+
22: 2
+---+---+---+
|738|156|924|
|649|371|285|
|152|   |   |
+---+---+---+
|   |   |   |
|   |   |   |
|   |   |   |
+---+---+---+
|   |   |   |
|   |   |   |
|   |   |   |
+---+---+---+
BACKTRACK
+---+---+---+
|738|156|924|
|649|371|285|
|2  |   |   |
+---+---+---+
|   |   |   |
|   |   |   |
|   |   |   |
+---+---+---+
|   |   |   |
|   |   |   |
|   |   |   |
+---+---+---+
21: 15
+---+---+---+
|738|156|924|
|649|371|285|
|25 |   |   |
+---+---+---+
|   |   |   |
|   |   |   |
|   |   |   |
+---+---+---+
|   |   |   |
|   |   |   |
|   |   |   |
+---+---+---+
22: 1
+---+---+---+
|738|156|924|
|649|371|285|
|251|   |   |
+---+---+---+
|   |   |   |
|   |   |   |
|   |   |   |
+---+---+---+
|   |   |   |
|   |   |   |
|   |   |   |
+---+---+---+
BACKTRACK
+---+---+---+
|738|156|924|
|649|371|285|
|21 |   |   |
+---+---+---+
|   |   |   |
|   |   |   |
|   |   |   |
+---+---+---+
|   |   |   |
|   |   |   |
|   |   |   |
+---+---+---+
22: 5
+---+---+---+
|738|156|924|
|649|371|285|
|215|   |   |
+---+---+---+
|   |   |   |
|   |   |   |
|   |   |   |
+---+---+---+
|   |   |   |
|   |   |   |
|   |   |   |
+---+---+---+
BACKTRACK
+---+---+---+
|738|156|924|
|649|371|25 |
|   |   |   |
+---+---+---+
|   |   |   |
|   |   |   |
|   |   |   |
+---+---+---+
|   |   |   |
|   |   |   |
|   |   |   |
+---+---+---+
18: 8
+---+---+---+
|738|156|924|
|649|371|258|
|   |   |   |
+---+---+---+
|   |   |   |
|   |   |   |
|   |   |   |
+---+---+---+
|   |   |   |
|   |   |   |
|   |   |   |
+---+---+---+
20: 125
+---+---+---+
|738|156|924|
|649|371|258|
|5  |   |   |
+---+---+---+
|   |   |   |
|   |   |   |
|   |   |   |
+---+---+---+
|   |   |   |
|   |   |   |
|   |   |   |
+---+---+---+
21: 12
+---+---+---+
|738|156|924|
|649|371|258|
|51 |   |   |
+---+---+---+
|   |   |   |
|   |   |   |
|   |   |   |
+---+---+---+
|   |   |   |
|   |   |   |
|   |   |   |
+---+---+---+
22: 2
+---+---+---+
|738|156|924|
|649|371|258|
|512|   |   |
+---+---+---+
|   |   |   |
|   |   |   |
|   |   |   |
+---+---+---+
|   |   |   |
|   |   |   |
|   |   |   |
+---+---+---+
BACKTRACK
+---+---+---+
|738|156|924|
|649|371|258|
|52 |   |   |
+---+---+---+
|   |   |   |
|   |   |   |
|   |   |   |
+---+---+---+
|   |   |   |
|   |   |   |
|   |   |   |
+---+---+---+
22: 1
+---+---+---+
|738|156|924|
|649|371|258|
|521|   |   |
+---+---+---+
|   |   |   |
|   |   |   |
|   |   |   |
+---+---+---+
|   |   |   |
|   |   |   |
|   |   |   |
+---+---+---+
BACKTRACK
+---+---+---+
|738|156|924|
|649|371|258|
|2  |   |   |
+---+---+---+
|   |   |   |
|   |   |   |
|   |   |   |
+---+---+---+
|   |   |   |
|   |   |   |
|   |   |   |
+---+---+---+
21: 15
+---+---+---+
|738|156|924|
|649|371|258|
|25 |   |   |
+---+---+---+
|   |   |   |
|   |   |   |
|   |   |   |
+---+---+---+
|   |   |   |
|   |   |   |
|   |   |   |
+---+---+---+
22: 1
+---+---+---+
|738|156|924|
|649|371|258|
|251|   |   |
+---+---+---+
|   |   |   |
|   |   |   |
|   |   |   |
+---+---+---+
|   |   |   |
|   |   |   |
|   |   |   |
+---+---+---+
BACKTRACK
+---+---+---+
|738|156|924|
|649|371|258|
|21 |   |   |
+---+---+---+
|   |   |   |
|   |   |   |
|   |   |   |
+---+---+---+
|   |   |   |
|   |   |   |
|   |   |   |
+---+---+---+
22: 5
+---+---+---+
|738|156|924|
|649|371|258|
|215|   |   |
+---+---+---+
|   |   |   |
|   |   |   |
|   |   |   |
+---+---+---+
|   |   |   |
|   |   |   |
|   |   |   |
+---+---+---+
BACKTRACK
+---+---+---+
|738|156|924|
|649|371|258|
|1  |   |   |
+---+---+---+
|   |   |   |
|   |   |   |
|   |   |   |
+---+---+---+
|   |   |   |
|   |   |   |
|   |   |   |
+---+---+---+
21: 25
+---+---+---+
|738|156|924|
|649|371|258|
|12 |   |   |
+---+---+---+
|   |   |   |
|   |   |   |
|   |   |   |
+---+---+---+
|   |   |   |
|   |   |   |
|   |   |   |
+---+---+---+
22: 5
+---+---+---+
|738|156|924|
|649|371|258|
|125|   |   |
+---+---+---+
|   |   |   |
|   |   |   |
|   |   |   |
+---+---+---+
|   |   |   |
|   |   |   |
|   |   |   |
+---+---+---+
BACKTRACK
+---+---+---+
|738|156|924|
|649|371|258|
|15 |   |   |
+---+---+---+
|   |   |   |
|   |   |   |
|   |   |   |
+---+---+---+
|   |   |   |
|   |   |   |
|   |   |   |
+---+---+---+
22: 2
+---+---+---+
|738|156|924|
|649|371|258|
|152|   |   |
+---+---+---+
|   |   |   |
|   |   |   |
|   |   |   |
+---+---+---+
|   |   |   |
|   |   |   |
|   |   |   |
+---+---+---+
BACKTRACK
+---+---+---+
|738|156|924|
|649|375|   |
|   |   |   |
+---+---+---+
|   |   |   |
|   |   |   |
|   |   |   |
+---+---+---+
|   |   |   |
|   |   |   |
|   |   |   |
+---+---+---+
16: 128
+---+---+---+
|738|156|924|
|649|375|1  |
|   |   |   |
+---+---+---+
|   |   |   |
|   |   |   |
|   |   |   |
+---+---+---+
|   |   |   |
|   |   |   |
|   |   |   |
+---+---+---+
17: 28
+---+---+---+
|738|156|924|
|649|375|18 |
|   |   |   |
+---+---+---+
|   |   |   |
|   |   |   |
|   |   |   |
+---+---+---+
|   |   |   |
|   |   |   |
|   |   |   |
+---+---+---+
18: 2
+---+---+---+
|738|156|924|
|649|375|182|
|   |   |   |
+---+---+---+
|   |   |   |
|   |   |   |
|   |   |   |
+---+---+---+
|   |   |   |
|   |   |   |
|   |   |   |
+---+---+---+
20: 125
+---+---+---+
|738|156|924|
|649|375|182|
|2  |   |   |
+---+---+---+
|   |   |   |
|   |   |   |
|   |   |   |
+---+---+---+
|   |   |   |
|   |   |   |
|   |   |   |
+---+---+---+
21: 1
+---+---+---+
|738|156|924|
|649|375|182|
|21 |   |   |
+---+---+---+
|   |   |   |
|   |   |   |
|   |   |   |
+---+---+---+
|   |   |   |
|   |   |   |
|   |   |   |
+---+---+---+
BACKTRACK
+---+---+---+
|738|156|924|
|649|375|182|
|5  |   |   |
+---+---+---+
|   |   |   |
|   |   |   |
|   |   |   |
+---+---+---+
|   |   |   |
|   |   |   |
|   |   |   |
+---+---+---+
21: 12
+---+---+---+
|738|156|924|
|649|375|182|
|52 |   |   |
+---+---+---+
|   |   |   |
|   |   |   |
|   |   |   |
+---+---+---+
|   |   |   |
|   |   |   |
|   |   |   |
+---+---+---+
22: 1
+---+---+---+
|738|156|924|
|649|375|182|
|521|   |   |
+---+---+---+
|   |   |   |
|   |   |   |
|   |   |   |
+---+---+---+
|   |   |   |
|   |   |   |
|   |   |   |
+---+---+---+
BACKTRACK
+---+---+---+
|738|156|924|
|649|375|182|
|51 |   |   |
+---+---+---+
|   |   |   |
|   |   |   |
|   |   |   |
+---+---+---+
|   |   |   |
|   |   |   |
|   |   |   |
+---+---+---+
22: 2
+---+---+---+
|738|156|924|
|649|375|182|
|512|   |   |
+---+---+---+
|   |   |   |
|   |   |   |
|   |   |   |
+---+---+---+
|   |   |   |
|   |   |   |
|   |   |   |
+---+---+---+
BACKTRACK
+---+---+---+
|738|156|924|
|649|375|182|
|1  |   |   |
+---+---+---+
|   |   |   |
|   |   |   |
|   |   |   |
+---+---+---+
|   |   |   |
|   |   |   |
|   |   |   |
+---+---+---+
21: 25
+---+---+---+
|738|156|924|
|649|375|182|
|12 |   |   |
+---+---+---+
|   |   |   |
|   |   |   |
|   |   |   |
+---+---+---+
|   |   |   |
|   |   |   |
|   |   |   |
+---+---+---+
22: 5
+---+---+---+
|738|156|924|
|649|375|182|
|125|   |   |
+---+---+---+
|   |   |   |
|   |   |   |
|   |   |   |
+---+---+---+
|   |   |   |
|   |   |   |
|   |   |   |
+---+---+---+
BACKTRACK
+---+---+---+
|738|156|924|
|649|375|182|
|15 |   |   |
+---+---+---+
|   |   |   |
|   |   |   |
|   |   |   |
+---+---+---+
|   |   |   |
|   |   |   |
|   |   |   |
+---+---+---+
22: 2
+---+---+---+
|738|156|924|
|649|375|182|
|152|   |   |
+---+---+---+
|   |   |   |
|   |   |   |
|   |   |   |
+---+---+---+
|   |   |   |
|   |   |   |
|   |   |   |
+---+---+---+
BACKTRACK
+---+---+---+
|738|156|924|
|649|375|12 |
|   |   |   |
+---+---+---+
|   |   |   |
|   |   |   |
|   |   |   |
+---+---+---+
|   |   |   |
|   |   |   |
|   |   |   |
+---+---+---+
18: 8
+---+---+---+
|738|156|924|
|649|375|128|
|   |   |   |
+---+---+---+
|   |   |   |
|   |   |   |
|   |   |   |
+---+---+---+
|   |   |   |
|   |   |   |
|   |   |   |
+---+---+---+
20: 125
+---+---+---+
|738|156|924|
|649|375|128|
|2  |   |   |
+---+---+---+
|   |   |   |
|   |   |   |
|   |   |   |
+---+---+---+
|   |   |   |
|   |   |   |
|   |   |   |
+---+---+---+
21: 15
+---+---+---+
|738|156|924|
|649|375|128|
|25 |   |   |
+---+---+---+
|   |   |   |
|   |   |   |
|   |   |   |
+---+---+---+
|   |   |   |
|   |   |   |
|   |   |   |
+---+---+---+
22: 1
+---+---+---+
|738|156|924|
|649|375|128|
|251|   |   |
+---+---+---+
|   |   |   |
|   |   |   |
|   |   |   |
+---+---+---+
|   |   |   |
|   |   |   |
|   |   |   |
+---+---+---+
BACKTRACK
+---+---+---+
|738|156|924|
|649|375|128|
|21 |   |   |
+---+---+---+
|   |   |   |
|   |   |   |
|   |   |   |
+---+---+---+
|   |   |   |
|   |   |   |
|   |   |   |
+---+---+---+
22: 5
+---+---+---+
|738|156|924|
|649|375|128|
|215|   |   |
+---+---+---+
|   |   |   |
|   |   |   |
|   |   |   |
+---+---+---+
|   |   |   |
|   |   |   |
|   |   |   |
+---+---+---+
BACKTRACK
+---+---+---+
|738|156|924|
|649|375|128|
|1  |   |   |
+---+---+---+
|   |   |   |
|   |   |   |
|   |   |   |
+---+---+---+
|   |   |   |
|   |   |   |
|   |   |   |
+---+---+---+
21: 25
+---+---+---+
|738|156|924|
|649|375|128|
|15 |   |   |
+---+---+---+
|   |   |   |
|   |   |   |
|   |   |   |
+---+---+---+
|   |   |   |
|   |   |   |
|   |   |   |
+---+---+---+
22: 2
+---+---+---+
|738|156|924|
|649|375|128|
|152|   |   |
+---+---+---+
|   |   |   |
|   |   |   |
|   |   |   |
+---+---+---+
|   |   |   |
|   |   |   |
|   |   |   |
+---+---+---+
BACKTRACK
+---+---+---+
|738|156|924|
|649|375|128|
|12 |   |   |
+---+---+---+
|   |   |   |
|   |   |   |
|   |   |   |
+---+---+---+
|   |   |   |
|   |   |   |
|   |   |   |
+---+---+---+
22: 5
+---+---+---+
|738|156|924|
|649|375|128|
|125|   |   |
+---+---+---+
|   |   |   |
|   |   |   |
|   |   |   |
+---+---+---+
|   |   |   |
|   |   |   |
|   |   |   |
+---+---+---+
BACKTRACK
+---+---+---+
|738|156|924|
|649|375|128|
|5  |   |   |
+---+---+---+
|   |   |   |
|   |   |   |
|   |   |   |
+---+---+---+
|   |   |   |
|   |   |   |
|   |   |   |
+---+---+---+
21: 12
+---+---+---+
|738|156|924|
|649|375|128|
|52 |   |   |
+---+---+---+
|   |   |   |
|   |   |   |
|   |   |   |
+---+---+---+
|   |   |   |
|   |   |   |
|   |   |   |
+---+---+---+
22: 1
+---+---+---+
|738|156|924|
|649|375|128|
|521|   |   |
+---+---+---+
|   |   |   |
|   |   |   |
|   |   |   |
+---+---+---+
|   |   |   |
|   |   |   |
|   |   |   |
+---+---+---+
BACKTRACK
+---+---+---+
|738|156|924|
|649|375|128|
|51 |   |   |
+---+---+---+
|   |   |   |
|   |   |   |
|   |   |   |
+---+---+---+
|   |   |   |
|   |   |   |
|   |   |   |
+---+---+---+
22: 2
+---+---+---+
|738|156|924|
|649|375|128|
|512|   |   |
+---+---+---+
|   |   |   |
|   |   |   |
|   |   |   |
+---+---+---+
|   |   |   |
|   |   |   |
|   |   |   |
+---+---+---+
BACKTRACK
+---+---+---+
|738|156|924|
|649|375|8  |
|   |   |   |
+---+---+---+
|   |   |   |
|   |   |   |
|   |   |   |
+---+---+---+
|   |   |   |
|   |   |   |
|   |   |   |
+---+---+---+
17: 12
+---+---+---+
|738|156|924|
|649|375|82 |
|   |   |   |
+---+---+---+
|   |   |   |
|   |   |   |
|   |   |   |
+---+---+---+
|   |   |   |
|   |   |   |
|   |   |   |
+---+---+---+
18: 1
+---+---+---+
|738|156|924|
|649|375|821|
|   |   |   |
+---+---+---+
|   |   |   |
|   |   |   |
|   |   |   |
+---+---+---+
|   |   |   |
|   |   |   |
|   |   |   |
+---+---+---+
20: 125
+---+---+---+
|738|156|924|
|649|375|821|
|2  |   |   |
+---+---+---+
|   |   |   |
|   |   |   |
|   |   |   |
+---+---+---+
|   |   |   |
|   |   |   |
|   |   |   |
+---+---+---+
21: 15
+---+---+---+
|738|156|924|
|649|375|821|
|21 |   |   |
+---+---+---+
|   |   |   |
|   |   |   |
|   |   |   |
+---+---+---+
|   |   |   |
|   |   |   |
|   |   |   |
+---+---+---+
22: 5
+---+---+---+
|738|156|924|
|649|375|821|
|215|   |   |
+---+---+---+
|   |   |   |
|   |   |   |
|   |   |   |
+---+---+---+
|   |   |   |
|   |   |   |
|   |   |   |
+---+---+---+
BACKTRACK
+---+---+---+
|738|156|924|
|649|375|821|
|25 |   |   |
+---+---+---+
|   |   |   |
|   |   |   |
|   |   |   |
+---+---+---+
|   |   |   |
|   |   |   |
|   |   |   |
+---+---+---+
22: 1
+---+---+---+
|738|156|924|
|649|375|821|
|251|   |   |
+---+---+---+
|   |   |   |
|   |   |   |
|   |   |   |
+---+---+---+
|   |   |   |
|   |   |   |
|   |   |   |
+---+---+---+
BACKTRACK
+---+---+---+
|738|156|924|
|649|375|821|
|1  |   |   |
+---+---+---+
|   |   |   |
|   |   |   |
|   |   |   |
+---+---+---+
|   |   |   |
|   |   |   |
|   |   |   |
+---+---+---+
21: 25
+---+---+---+
|738|156|924|
|649|375|821|
|15 |   |   |
+---+---+---+
|   |   |   |
|   |   |   |
|   |   |   |
+---+---+---+
|   |   |   |
|   |   |   |
|   |   |   |
+---+---+---+
22: 2
+---+---+---+
|738|156|924|
|649|375|821|
|152|   |   |
+---+---+---+
|   |   |   |
|   |   |   |
|   |   |   |
+---+---+---+
|   |   |   |
|   |   |   |
|   |   |   |
+---+---+---+
BACKTRACK
+---+---+---+
|738|156|924|
|649|375|821|
|12 |   |   |
+---+---+---+
|   |   |   |
|   |   |   |
|   |   |   |
+---+---+---+
|   |   |   |
|   |   |   |
|   |   |   |
+---+---+---+
22: 5
+---+---+---+
|738|156|924|
|649|375|821|
|125|   |   |
+---+---+---+
|   |   |   |
|   |   |   |
|   |   |   |
+---+---+---+
|   |   |   |
|   |   |   |
|   |   |   |
+---+---+---+
BACKTRACK
+---+---+---+
|738|156|924|
|649|375|821|
|5  |   |   |
+---+---+---+
|   |   |   |
|   |   |   |
|   |   |   |
+---+---+---+
|   |   |   |
|   |   |   |
|   |   |   |
+---+---+---+
21: 12
+---+---+---+
|738|156|924|
|649|375|821|
|51 |   |   |
+---+---+---+
|   |   |   |
|   |   |   |
|   |   |   |
+---+---+---+
|   |   |   |
|   |   |   |
|   |   |   |
+---+---+---+
22: 2
+---+---+---+
|738|156|924|
|649|375|821|
|512|   |   |
+---+---+---+
|   |   |   |
|   |   |   |
|   |   |   |
+---+---+---+
|   |   |   |
|   |   |   |
|   |   |   |
+---+---+---+
BACKTRACK
+---+---+---+
|738|156|924|
|649|375|821|
|52 |   |   |
+---+---+---+
|   |   |   |
|   |   |   |
|   |   |   |
+---+---+---+
|   |   |   |
|   |   |   |
|   |   |   |
+---+---+---+
22: 1
+---+---+---+
|738|156|924|
|649|375|821|
|521|   |   |
+---+---+---+
|   |   |   |
|   |   |   |
|   |   |   |
+---+---+---+
|   |   |   |
|   |   |   |
|   |   |   |
+---+---+---+
BACKTRACK
+---+---+---+
|738|156|924|
|649|375|81 |
|   |   |   |
+---+---+---+
|   |   |   |
|   |   |   |
|   |   |   |
+---+---+---+
|   |   |   |
|   |   |   |
|   |   |   |
+---+---+---+
18: 2
+---+---+---+
|738|156|924|
|649|375|812|
|   |   |   |
+---+---+---+
|   |   |   |
|   |   |   |
|   |   |   |
+---+---+---+
|   |   |   |
|   |   |   |
|   |   |   |
+---+---+---+
20: 125
+---+---+---+
|738|156|924|
|649|375|812|
|2  |   |   |
+---+---+---+
|   |   |   |
|   |   |   |
|   |   |   |
+---+---+---+
|   |   |   |
|   |   |   |
|   |   |   |
+---+---+---+
21: 15
+---+---+---+
|738|156|924|
|649|375|812|
|25 |   |   |
+---+---+---+
|   |   |   |
|   |   |   |
|   |   |   |
+---+---+---+
|   |   |   |
|   |   |   |
|   |   |   |
+---+---+---+
BACKTRACK
+---+---+---+
|738|156|924|
|649|375|812|
|21 |   |   |
+---+---+---+
|   |   |   |
|   |   |   |
|   |   |   |
+---+---+---+
|   |   |   |
|   |   |   |
|   |   |   |
+---+---+---+
22: 5
+---+---+---+
|738|156|924|
|649|375|812|
|215|   |   |
+---+---+---+
|   |   |   |
|   |   |   |
|   |   |   |
+---+---+---+
|   |   |   |
|   |   |   |
|   |   |   |
+---+---+---+
BACKTRACK
+---+---+---+
|738|156|924|
|649|375|812|
|1  |   |   |
+---+---+---+
|   |   |   |
|   |   |   |
|   |   |   |
+---+---+---+
|   |   |   |
|   |   |   |
|   |   |   |
+---+---+---+
21: 25
+---+---+---+
|738|156|924|
|649|375|812|
|12 |   |   |
+---+---+---+
|   |   |   |
|   |   |   |
|   |   |   |
+---+---+---+
|   |   |   |
|   |   |   |
|   |   |   |
+---+---+---+
22: 5
+---+---+---+
|738|156|924|
|649|375|812|
|125|   |   |
+---+---+---+
|   |   |   |
|   |   |   |
|   |   |   |
+---+---+---+
|   |   |   |
|   |   |   |
|   |   |   |
+---+---+---+
BACKTRACK
+---+---+---+
|738|156|924|
|649|375|812|
|15 |   |   |
+---+---+---+
|   |   |   |
|   |   |   |
|   |   |   |
+---+---+---+
|   |   |   |
|   |   |   |
|   |   |   |
+---+---+---+
22: 2
+---+---+---+
|738|156|924|
|649|375|812|
|152|   |   |
+---+---+---+
|   |   |   |
|   |   |   |
|   |   |   |
+---+---+---+
|   |   |   |
|   |   |   |
|   |   |   |
+---+---+---+
BACKTRACK
+---+---+---+
|738|156|924|
|649|375|812|
|5  |   |   |
+---+---+---+
|   |   |   |
|   |   |   |
|   |   |   |
+---+---+---+
|   |   |   |
|   |   |   |
|   |   |   |
+---+---+---+
21: 12
+---+---+---+
|738|156|924|
|649|375|812|
|52 |   |   |
+---+---+---+
|   |   |   |
|   |   |   |
|   |   |   |
+---+---+---+
|   |   |   |
|   |   |   |
|   |   |   |
+---+---+---+
22: 1
+---+---+---+
|738|156|924|
|649|375|812|
|521|   |   |
+---+---+---+
|   |   |   |
|   |   |   |
|   |   |   |
+---+---+---+
|   |   |   |
|   |   |   |
|   |   |   |
+---+---+---+
BACKTRACK
+---+---+---+
|738|156|924|
|649|375|812|
|51 |   |   |
+---+---+---+
|   |   |   |
|   |   |   |
|   |   |   |
+---+---+---+
|   |   |   |
|   |   |   |
|   |   |   |
+---+---+---+
22: 2
+---+---+---+
|738|156|924|
|649|375|812|
|512|   |   |
+---+---+---+
|   |   |   |
|   |   |   |
|   |   |   |
+---+---+---+
|   |   |   |
|   |   |   |
|   |   |   |
+---+---+---+
BACKTRACK
+---+---+---+
|738|156|924|
|649|375|2  |
|   |   |   |
+---+---+---+
|   |   |   |
|   |   |   |
|   |   |   |
+---+---+---+
|   |   |   |
|   |   |   |
|   |   |   |
+---+---+---+
17: 18
+---+---+---+
|738|156|924|
|649|375|28 |
|   |   |   |
+---+---+---+
|   |   |   |
|   |   |   |
|   |   |   |
+---+---+---+
|   |   |   |
|   |   |   |
|   |   |   |
+---+---+---+
18: 1
+---+---+---+
|738|156|924|
|649|375|281|
|   |   |   |
+---+---+---+
|   |   |   |
|   |   |   |
|   |   |   |
+---+---+---+
|   |   |   |
|   |   |   |
|   |   |   |
+---+---+---+
20: 125
+---+---+---+
|738|156|924|
|649|375|281|
|2  |   |   |
+---+---+---+
|   |   |   |
|   |   |   |
|   |   |   |
+---+---+---+
|   |   |   |
|   |   |   |
|   |   |   |
+---+---+---+
21: 15
+---+---+---+
|738|156|924|
|649|375|281|
|25 |   |   |
+---+---+---+
|   |   |   |
|   |   |   |
|   |   |   |
+---+---+---+
|   |   |   |
|   |   |   |
|   |   |   |
+---+---+---+
BACKTRACK
+---+---+---+
|738|156|924|
|649|375|281|
|21 |   |   |
+---+---+---+
|   |   |   |
|   |   |   |
|   |   |   |
+---+---+---+
|   |   |   |
|   |   |   |
|   |   |   |
+---+---+---+
22: 5
+---+---+---+
|738|156|924|
|649|375|281|
|215|   |   |
+---+---+---+
|   |   |   |
|   |   |   |
|   |   |   |
+---+---+---+
|   |   |   |
|   |   |   |
|   |   |   |
+---+---+---+
BACKTRACK
+---+---+---+
|738|156|924|
|649|375|281|
|1  |   |   |
+---+---+---+
|   |   |   |
|   |   |   |
|   |   |   |
+---+---+---+
|   |   |   |
|   |   |   |
|   |   |   |
+---+---+---+
21: 25
+---+---+---+
|738|156|924|
|649|375|281|
|15 |   |   |
+---+---+---+
|   |   |   |
|   |   |   |
|   |   |   |
+---+---+---+
|   |   |   |
|   |   |   |
|   |   |   |
+---+---+---+
22: 2
+---+---+---+
|738|156|924|
|649|375|281|
|152|   |   |
+---+---+---+
|   |   |   |
|   |   |   |
|   |   |   |
+---+---+---+
|   |   |   |
|   |   |   |
|   |   |   |
+---+---+---+
BACKTRACK
+---+---+---+
|738|156|924|
|649|375|281|
|12 |   |   |
+---+---+---+
|   |   |   |
|   |   |   |
|   |   |   |
+---+---+---+
|   |   |   |
|   |   |   |
|   |   |   |
+---+---+---+
22: 5
+---+---+---+
|738|156|924|
|649|375|281|
|125|   |   |
+---+---+---+
|   |   |   |
|   |   |   |
|   |   |   |
+---+---+---+
|   |   |   |
|   |   |   |
|   |   |   |
+---+---+---+
BACKTRACK
+---+---+---+
|738|156|924|
|649|375|281|
|5  |   |   |
+---+---+---+
|   |   |   |
|   |   |   |
|   |   |   |
+---+---+---+
|   |   |   |
|   |   |   |
|   |   |   |
+---+---+---+
21: 12
+---+---+---+
|738|156|924|
|649|375|281|
|51 |   |   |
+---+---+---+
|   |   |   |
|   |   |   |
|   |   |   |
+---+---+---+
|   |   |   |
|   |   |   |
|   |   |   |
+---+---+---+
22: 2
+---+---+---+
|738|156|924|
|649|375|281|
|512|   |   |
+---+---+---+
|   |   |   |
|   |   |   |
|   |   |   |
+---+---+---+
|   |   |   |
|   |   |   |
|   |   |   |
+---+---+---+
BACKTRACK
+---+---+---+
|738|156|924|
|649|375|281|
|52 |   |   |
+---+---+---+
|   |   |   |
|   |   |   |
|   |   |   |
+---+---+---+
|   |   |   |
|   |   |   |
|   |   |   |
+---+---+---+
22: 1
+---+---+---+
|738|156|924|
|649|375|281|
|521|   |   |
+---+---+---+
|   |   |   |
|   |   |   |
|   |   |   |
+---+---+---+
|   |   |   |
|   |   |   |
|   |   |   |
+---+---+---+
BACKTRACK
+---+---+---+
|738|156|924|
|649|375|21 |
|   |   |   |
+---+---+---+
|   |   |   |
|   |   |   |
|   |   |   |
+---+---+---+
|   |   |   |
|   |   |   |
|   |   |   |
+---+---+---+
18: 8
+---+---+---+
|738|156|924|
|649|375|218|
|   |   |   |
+---+---+---+
|   |   |   |
|   |   |   |
|   |   |   |
+---+---+---+
|   |   |   |
|   |   |   |
|   |   |   |
+---+---+---+
20: 125
+---+---+---+
|738|156|924|
|649|375|218|
|5  |   |   |
+---+---+---+
|   |   |   |
|   |   |   |
|   |   |   |
+---+---+---+
|   |   |   |
|   |   |   |
|   |   |   |
+---+---+---+
21: 12
+---+---+---+
|738|156|924|
|649|375|218|
|51 |   |   |
+---+---+---+
|   |   |   |
|   |   |   |
|   |   |   |
+---+---+---+
|   |   |   |
|   |   |   |
|   |   |   |
+---+---+---+
22: 2
+---+---+---+
|738|156|924|
|649|375|218|
|512|   |   |
+---+---+---+
|   |   |   |
|   |   |   |
|   |   |   |
+---+---+---+
|   |   |   |
|   |   |   |
|   |   |   |
+---+---+---+
BACKTRACK
+---+---+---+
|738|156|924|
|649|375|218|
|52 |   |   |
+---+---+---+
|   |   |   |
|   |   |   |
|   |   |   |
+---+---+---+
|   |   |   |
|   |   |   |
|   |   |   |
+---+---+---+
22: 1
+---+---+---+
|738|156|924|
|649|375|218|
|521|   |   |
+---+---+---+
|   |   |   |
|   |   |   |
|   |   |   |
+---+---+---+
|   |   |   |
|   |   |   |
|   |   |   |
+---+---+---+
BACKTRACK
+---+---+---+
|738|156|924|
|649|375|218|
|2  |   |   |
+---+---+---+
|   |   |   |
|   |   |   |
|   |   |   |
+---+---+---+
|   |   |   |
|   |   |   |
|   |   |   |
+---+---+---+
21: 15
+---+---+---+
|738|156|924|
|649|375|218|
|25 |   |   |
+---+---+---+
|   |   |   |
|   |   |   |
|   |   |   |
+---+---+---+
|   |   |   |
|   |   |   |
|   |   |   |
+---+---+---+
22: 1
+---+---+---+
|738|156|924|
|649|375|218|
|251|   |   |
+---+---+---+
|   |   |   |
|   |   |   |
|   |   |   |
+---+---+---+
|   |   |   |
|   |   |   |
|   |   |   |
+---+---+---+
BACKTRACK
+---+---+---+
|738|156|924|
|649|375|218|
|21 |   |   |
+---+---+---+
|   |   |   |
|   |   |   |
|   |   |   |
+---+---+---+
|   |   |   |
|   |   |   |
|   |   |   |
+---+---+---+
22: 5
+---+---+---+
|738|156|924|
|649|375|218|
|215|   |   |
+---+---+---+
|   |   |   |
|   |   |   |
|   |   |   |
+---+---+---+
|   |   |   |
|   |   |   |
|   |   |   |
+---+---+---+
BACKTRACK
+---+---+---+
|738|156|924|
|649|375|218|
|1  |   |   |
+---+---+---+
|   |   |   |
|   |   |   |
|   |   |   |
+---+---+---+
|   |   |   |
|   |   |   |
|   |   |   |
+---+---+---+
21: 25
+---+---+---+
|738|156|924|
|649|375|218|
|15 |   |   |
+---+---+---+
|   |   |   |
|   |   |   |
|   |   |   |
+---+---+---+
|   |   |   |
|   |   |   |
|   |   |   |
+---+---+---+
22: 2
+---+---+---+
|738|156|924|
|649|375|218|
|152|   |   |
+---+---+---+
|   |   |   |
|   |   |   |
|   |   |   |
+---+---+---+
|   |   |   |
|   |   |   |
|   |   |   |
+---+---+---+
BACKTRACK
+---+---+---+
|738|156|924|
|649|375|218|
|12 |   |   |
+---+---+---+
|   |   |   |
|   |   |   |
|   |   |   |
+---+---+---+
|   |   |   |
|   |   |   |
|   |   |   |
+---+---+---+
22: 5
+---+---+---+
|738|156|924|
|649|375|218|
|125|   |   |
+---+---+---+
|   |   |   |
|   |   |   |
|   |   |   |
+---+---+---+
|   |   |   |
|   |   |   |
|   |   |   |
+---+---+---+
BACKTRACK
+---+---+---+
|738|156|924|
|649|378|   |
|   |   |   |
+---+---+---+
|   |   |   |
|   |   |   |
|   |   |   |
+---+---+---+
|   |   |   |
|   |   |   |
|   |   |   |
+---+---+---+
16: 125
+---+---+---+
|738|156|924|
|649|378|1  |
|   |   |   |
+---+---+---+
|   |   |   |
|   |   |   |
|   |   |   |
+---+---+---+
|   |   |   |
|   |   |   |
|   |   |   |
+---+---+---+
17: 25
+---+---+---+
|738|156|924|
|649|378|12 |
|   |   |   |
+---+---+---+
|   |   |   |
|   |   |   |
|   |   |   |
+---+---+---+
|   |   |   |
|   |   |   |
|   |   |   |
+---+---+---+
18: 5
+---+---+---+
|738|156|924|
|649|378|125|
|   |   |   |
+---+---+---+
|   |   |   |
|   |   |   |
|   |   |   |
+---+---+---+
|   |   |   |
|   |   |   |
|   |   |   |
+---+---+---+
20: 125
+---+---+---+
|738|156|924|
|649|378|125|
|5  |   |   |
+---+---+---+
|   |   |   |
|   |   |   |
|   |   |   |
+---+---+---+
|   |   |   |
|   |   |   |
|   |   |   |
+---+---+---+
21: 12
+---+---+---+
|738|156|924|
|649|378|125|
|51 |   |   |
+---+---+---+
|   |   |   |
|   |   |   |
|   |   |   |
+---+---+---+
|   |   |   |
|   |   |   |
|   |   |   |
+---+---+---+
BACKTRACK
+---+---+---+
|738|156|924|
|649|378|125|
|52 |   |   |
+---+---+---+
|   |   |   |
|   |   |   |
|   |   |   |
+---+---+---+
|   |   |   |
|   |   |   |
|   |   |   |
+---+---+---+
22: 1
+---+---+---+
|738|156|924|
|649|378|125|
|521|   |   |
+---+---+---+
|   |   |   |
|   |   |   |
|   |   |   |
+---+---+---+
|   |   |   |
|   |   |   |
|   |   |   |
+---+---+---+
BACKTRACK
+---+---+---+
|738|156|924|
|649|378|125|
|1  |   |   |
+---+---+---+
|   |   |   |
|   |   |   |
|   |   |   |
+---+---+---+
|   |   |   |
|   |   |   |
|   |   |   |
+---+---+---+
21: 25
+---+---+---+
|738|156|924|
|649|378|125|
|12 |   |   |
+---+---+---+
|   |   |   |
|   |   |   |
|   |   |   |
+---+---+---+
|   |   |   |
|   |   |   |
|   |   |   |
+---+---+---+
22: 5
+---+---+---+
|738|156|924|
|649|378|125|
|125|   |   |
+---+---+---+
|   |   |   |
|   |   |   |
|   |   |   |
+---+---+---+
|   |   |   |
|   |   |   |
|   |   |   |
+---+---+---+
BACKTRACK
+---+---+---+
|738|156|924|
|649|378|125|
|15 |   |   |
+---+---+---+
|   |   |   |
|   |   |   |
|   |   |   |
+---+---+---+
|   |   |   |
|   |   |   |
|   |   |   |
+---+---+---+
22: 2
+---+---+---+
|738|156|924|
|649|378|125|
|152|   |   |
+---+---+---+
|   |   |   |
|   |   |   |
|   |   |   |
+---+---+---+
|   |   |   |
|   |   |   |
|   |   |   |
+---+---+---+
BACKTRACK
+---+---+---+
|738|156|924|
|649|378|125|
|2  |   |   |
+---+---+---+
|   |   |   |
|   |   |   |
|   |   |   |
+---+---+---+
|   |   |   |
|   |   |   |
|   |   |   |
+---+---+---+
21: 15
+---+---+---+
|738|156|924|
|649|378|125|
|25 |   |   |
+---+---+---+
|   |   |   |
|   |   |   |
|   |   |   |
+---+---+---+
|   |   |   |
|   |   |   |
|   |   |   |
+---+---+---+
22: 1
+---+---+---+
|738|156|924|
|649|378|125|
|251|   |   |
+---+---+---+
|   |   |   |
|   |   |   |
|   |   |   |
+---+---+---+
|   |   |   |
|   |   |   |
|   |   |   |
+---+---+---+
BACKTRACK
+---+---+---+
|738|156|924|
|649|378|125|
|21 |   |   |
+---+---+---+
|   |   |   |
|   |   |   |
|   |   |   |
+---+---+---+
|   |   |   |
|   |   |   |
|   |   |   |
+---+---+---+
22: 5
+---+---+---+
|738|156|924|
|649|378|125|
|215|   |   |
+---+---+---+
|   |   |   |
|   |   |   |
|   |   |   |
+---+---+---+
|   |   |   |
|   |   |   |
|   |   |   |
+---+---+---+
BACKTRACK
+---+---+---+
|738|156|924|
|649|378|15 |
|   |   |   |
+---+---+---+
|   |   |   |
|   |   |   |
|   |   |   |
+---+---+---+
|   |   |   |
|   |   |   |
|   |   |   |
+---+---+---+
18: 2
+---+---+---+
|738|156|924|
|649|378|152|
|   |   |   |
+---+---+---+
|   |   |   |
|   |   |   |
|   |   |   |
+---+---+---+
|   |   |   |
|   |   |   |
|   |   |   |
+---+---+---+
20: 125
+---+---+---+
|738|156|924|
|649|378|152|
|2  |   |   |
+---+---+---+
|   |   |   |
|   |   |   |
|   |   |   |
+---+---+---+
|   |   |   |
|   |   |   |
|   |   |   |
+---+---+---+
21: 15
+---+---+---+
|738|156|924|
|649|378|152|
|25 |   |   |
+---+---+---+
|   |   |   |
|   |   |   |
|   |   |   |
+---+---+---+
|   |   |   |
|   |   |   |
|   |   |   |
+---+---+---+
22: 1
+---+---+---+
|738|156|924|
|649|378|152|
|251|   |   |
+---+---+---+
|   |   |   |
|   |   |   |
|   |   |   |
+---+---+---+
|   |   |   |
|   |   |   |
|   |   |   |
+---+---+---+
BACKTRACK
+---+---+---+
|738|156|924|
|649|378|152|
|21 |   |   |
+---+---+---+
|   |   |   |
|   |   |   |
|   |   |   |
+---+---+---+
|   |   |   |
|   |   |   |
|   |   |   |
+---+---+---+
22: 5
+---+---+---+
|738|156|924|
|649|378|152|
|215|   |   |
+---+---+---+
|   |   |   |
|   |   |   |
|   |   |   |
+---+---+---+
|   |   |   |
|   |   |   |
|   |   |   |
+---+---+---+
BACKTRACK
+---+---+---+
|738|156|924|
|649|378|152|
|5  |   |   |
+---+---+---+
|   |   |   |
|   |   |   |
|   |   |   |
+---+---+---+
|   |   |   |
|   |   |   |
|   |   |   |
+---+---+---+
21: 12
+---+---+---+
|738|156|924|
|649|378|152|
|52 |   |   |
+---+---+---+
|   |   |   |
|   |   |   |
|   |   |   |
+---+---+---+
|   |   |   |
|   |   |   |
|   |   |   |
+---+---+---+
22: 1
+---+---+---+
|738|156|924|
|649|378|152|
|521|   |   |
+---+---+---+
|   |   |   |
|   |   |   |
|   |   |   |
+---+---+---+
|   |   |   |
|   |   |   |
|   |   |   |
+---+---+---+
BACKTRACK
+---+---+---+
|738|156|924|
|649|378|152|
|51 |   |   |
+---+---+---+
|   |   |   |
|   |   |   |
|   |   |   |
+---+---+---+
|   |   |   |
|   |   |   |
|   |   |   |
+---+---+---+
22: 2
+---+---+---+
|738|156|924|
|649|378|152|
|512|   |   |
+---+---+---+
|   |   |   |
|   |   |   |
|   |   |   |
+---+---+---+
|   |   |   |
|   |   |   |
|   |   |   |
+---+---+---+
BACKTRACK
+---+---+---+
|738|156|924|
|649|378|152|
|1  |   |   |
+---+---+---+
|   |   |   |
|   |   |   |
|   |   |   |
+---+---+---+
|   |   |   |
|   |   |   |
|   |   |   |
+---+---+---+
21: 25
+---+---+---+
|738|156|924|
|649|378|152|
|15 |   |   |
+---+---+---+
|   |   |   |
|   |   |   |
|   |   |   |
+---+---+---+
|   |   |   |
|   |   |   |
|   |   |   |
+---+---+---+
22: 2
+---+---+---+
|738|156|924|
|649|378|152|
|152|   |   |
+---+---+---+
|   |   |   |
|   |   |   |
|   |   |   |
+---+---+---+
|   |   |   |
|   |   |   |
|   |   |   |
+---+---+---+
BACKTRACK
+---+---+---+
|738|156|924|
|649|378|152|
|12 |   |   |
+---+---+---+
|   |   |   |
|   |   |   |
|   |   |   |
+---+---+---+
|   |   |   |
|   |   |   |
|   |   |   |
+---+---+---+
22: 5
+---+---+---+
|738|156|924|
|649|378|152|
|125|   |   |
+---+---+---+
|   |   |   |
|   |   |   |
|   |   |   |
+---+---+---+
|   |   |   |
|   |   |   |
|   |   |   |
+---+---+---+
BACKTRACK
+---+---+---+
|738|156|924|
|649|378|5  |
|   |   |   |
+---+---+---+
|   |   |   |
|   |   |   |
|   |   |   |
+---+---+---+
|   |   |   |
|   |   |   |
|   |   |   |
+---+---+---+
17: 12
+---+---+---+
|738|156|924|
|649|378|51 |
|   |   |   |
+---+---+---+
|   |   |   |
|   |   |   |
|   |   |   |
+---+---+---+
|   |   |   |
|   |   |   |
|   |   |   |
+---+---+---+
18: 2
+---+---+---+
|738|156|924|
|649|378|512|
|   |   |   |
+---+---+---+
|   |   |   |
|   |   |   |
|   |   |   |
+---+---+---+
|   |   |   |
|   |   |   |
|   |   |   |
+---+---+---+
20: 125
+---+---+---+
|738|156|924|
|649|378|512|
|2  |   |   |
+---+---+---+
|   |   |   |
|   |   |   |
|   |   |   |
+---+---+---+
|   |   |   |
|   |   |   |
|   |   |   |
+---+---+---+
21: 15
+---+---+---+
|738|156|924|
|649|378|512|
|25 |   |   |
+---+---+---+
|   |   |   |
|   |   |   |
|   |   |   |
+---+---+---+
|   |   |   |
|   |   |   |
|   |   |   |
+---+---+---+
BACKTRACK
+---+---+---+
|738|156|924|
|649|378|512|
|21 |   |   |
+---+---+---+
|   |   |   |
|   |   |   |
|   |   |   |
+---+---+---+
|   |   |   |
|   |   |   |
|   |   |   |
+---+---+---+
22: 5
+---+---+---+
|738|156|924|
|649|378|512|
|215|   |   |
+---+---+---+
|   |   |   |
|   |   |   |
|   |   |   |
+---+---+---+
|   |   |   |
|   |   |   |
|   |   |   |
+---+---+---+
BACKTRACK
+---+---+---+
|738|156|924|
|649|378|512|
|1  |   |   |
+---+---+---+
|   |   |   |
|   |   |   |
|   |   |   |
+---+---+---+
|   |   |   |
|   |   |   |
|   |   |   |
+---+---+---+
21: 25
+---+---+---+
|738|156|924|
|649|378|512|
|12 |   |   |
+---+---+---+
|   |   |   |
|   |   |   |
|   |   |   |
+---+---+---+
|   |   |   |
|   |   |   |
|   |   |   |
+---+---+---+
22: 5
+---+---+---+
|738|156|924|
|649|378|512|
|125|   |   |
+---+---+---+
|   |   |   |
|   |   |   |
|   |   |   |
+---+---+---+
|   |   |   |
|   |   |   |
|   |   |   |
+---+---+---+
BACKTRACK
+---+---+---+
|738|156|924|
|649|378|512|
|15 |   |   |
+---+---+---+
|   |   |   |
|   |   |   |
|   |   |   |
+---+---+---+
|   |   |   |
|   |   |   |
|   |   |   |
+---+---+---+
22: 2
+---+---+---+
|738|156|924|
|649|378|512|
|152|   |   |
+---+---+---+
|   |   |   |
|   |   |   |
|   |   |   |
+---+---+---+
|   |   |   |
|   |   |   |
|   |   |   |
+---+---+---+
BACKTRACK
+---+---+---+
|738|156|924|
|649|378|512|
|5  |   |   |
+---+---+---+
|   |   |   |
|   |   |   |
|   |   |   |
+---+---+---+
|   |   |   |
|   |   |   |
|   |   |   |
+---+---+---+
21: 12
+---+---+---+
|738|156|924|
|649|378|512|
|52 |   |   |
+---+---+---+
|   |   |   |
|   |   |   |
|   |   |   |
+---+---+---+
|   |   |   |
|   |   |   |
|   |   |   |
+---+---+---+
22: 1
+---+---+---+
|738|156|924|
|649|378|512|
|521|   |   |
+---+---+---+
|   |   |   |
|   |   |   |
|   |   |   |
+---+---+---+
|   |   |   |
|   |   |   |
|   |   |   |
+---+---+---+
BACKTRACK
+---+---+---+
|738|156|924|
|649|378|512|
|51 |   |   |
+---+---+---+
|   |   |   |
|   |   |   |
|   |   |   |
+---+---+---+
|   |   |   |
|   |   |   |
|   |   |   |
+---+---+---+
22: 2
+---+---+---+
|738|156|924|
|649|378|512|
|512|   |   |
+---+---+---+
|   |   |   |
|   |   |   |
|   |   |   |
+---+---+---+
|   |   |   |
|   |   |   |
|   |   |   |
+---+---+---+
BACKTRACK
+---+---+---+
|738|156|924|
|649|378|52 |
|   |   |   |
+---+---+---+
|   |   |   |
|   |   |   |
|   |   |   |
+---+---+---+
|   |   |   |
|   |   |   |
|   |   |   |
+---+---+---+
18: 1
+---+---+---+
|738|156|924|
|649|378|521|
|   |   |   |
+---+---+---+
|   |   |   |
|   |   |   |
|   |   |   |
+---+---+---+
|   |   |   |
|   |   |   |
|   |   |   |
+---+---+---+
20: 125
+---+---+---+
|738|156|924|
|649|378|521|
|2  |   |   |
+---+---+---+
|   |   |   |
|   |   |   |
|   |   |   |
+---+---+---+
|   |   |   |
|   |   |   |
|   |   |   |
+---+---+---+
21: 15
+---+---+---+
|738|156|924|
|649|378|521|
|25 |   |   |
+---+---+---+
|   |   |   |
|   |   |   |
|   |   |   |
+---+---+---+
|   |   |   |
|   |   |   |
|   |   |   |
+---+---+---+
BACKTRACK
+---+---+---+
|738|156|924|
|649|378|521|
|21 |   |   |
+---+---+---+
|   |   |   |
|   |   |   |
|   |   |   |
+---+---+---+
|   |   |   |
|   |   |   |
|   |   |   |
+---+---+---+
22: 5
+---+---+---+
|738|156|924|
|649|378|521|
|215|   |   |
+---+---+---+
|   |   |   |
|   |   |   |
|   |   |   |
+---+---+---+
|   |   |   |
|   |   |   |
|   |   |   |
+---+---+---+
BACKTRACK
+---+---+---+
|738|156|924|
|649|378|521|
|5  |   |   |
+---+---+---+
|   |   |   |
|   |   |   |
|   |   |   |
+---+---+---+
|   |   |   |
|   |   |   |
|   |   |   |
+---+---+---+
21: 12
+---+---+---+
|738|156|924|
|649|378|521|
|51 |   |   |
+---+---+---+
|   |   |   |
|   |   |   |
|   |   |   |
+---+---+---+
|   |   |   |
|   |   |   |
|   |   |   |
+---+---+---+
22: 2
+---+---+---+
|738|156|924|
|649|378|521|
|512|   |   |
+---+---+---+
|   |   |   |
|   |   |   |
|   |   |   |
+---+---+---+
|   |   |   |
|   |   |   |
|   |   |   |
+---+---+---+
BACKTRACK
+---+---+---+
|738|156|924|
|649|378|521|
|52 |   |   |
+---+---+---+
|   |   |   |
|   |   |   |
|   |   |   |
+---+---+---+
|   |   |   |
|   |   |   |
|   |   |   |
+---+---+---+
22: 1
+---+---+---+
|738|156|924|
|649|378|521|
|521|   |   |
+---+---+---+
|   |   |   |
|   |   |   |
|   |   |   |
+---+---+---+
|   |   |   |
|   |   |   |
|   |   |   |
+---+---+---+
BACKTRACK
+---+---+---+
|738|156|924|
|649|378|521|
|1  |   |   |
+---+---+---+
|   |   |   |
|   |   |   |
|   |   |   |
+---+---+---+
|   |   |   |
|   |   |   |
|   |   |   |
+---+---+---+
21: 25
+---+---+---+
|738|156|924|
|649|378|521|
|12 |   |   |
+---+---+---+
|   |   |   |
|   |   |   |
|   |   |   |
+---+---+---+
|   |   |   |
|   |   |   |
|   |   |   |
+---+---+---+
22: 5
+---+---+---+
|738|156|924|
|649|378|521|
|125|   |   |
+---+---+---+
|   |   |   |
|   |   |   |
|   |   |   |
+---+---+---+
|   |   |   |
|   |   |   |
|   |   |   |
+---+---+---+
BACKTRACK
+---+---+---+
|738|156|924|
|649|378|521|
|15 |   |   |
+---+---+---+
|   |   |   |
|   |   |   |
|   |   |   |
+---+---+---+
|   |   |   |
|   |   |   |
|   |   |   |
+---+---+---+
22: 2
+---+---+---+
|738|156|924|
|649|378|521|
|152|   |   |
+---+---+---+
|   |   |   |
|   |   |   |
|   |   |   |
+---+---+---+
|   |   |   |
|   |   |   |
|   |   |   |
+---+---+---+
BACKTRACK
+---+---+---+
|738|156|924|
|649|378|2  |
|   |   |   |
+---+---+---+
|   |   |   |
|   |   |   |
|   |   |   |
+---+---+---+
|   |   |   |
|   |   |   |
|   |   |   |
+---+---+---+
17: 15
+---+---+---+
|738|156|924|
|649|378|25 |
|   |   |   |
+---+---+---+
|   |   |   |
|   |   |   |
|   |   |   |
+---+---+---+
|   |   |   |
|   |   |   |
|   |   |   |
+---+---+---+
18: 1
+---+---+---+
|738|156|924|
|649|378|251|
|   |   |   |
+---+---+---+
|   |   |   |
|   |   |   |
|   |   |   |
+---+---+---+
|   |   |   |
|   |   |   |
|   |   |   |
+---+---+---+
20: 125
+---+---+---+
|738|156|924|
|649|378|251|
|2  |   |   |
+---+---+---+
|   |   |   |
|   |   |   |
|   |   |   |
+---+---+---+
|   |   |   |
|   |   |   |
|   |   |   |
+---+---+---+
21: 15
+---+---+---+
|738|156|924|
|649|378|251|
|21 |   |   |
+---+---+---+
|   |   |   |
|   |   |   |
|   |   |   |
+---+---+---+
|   |   |   |
|   |   |   |
|   |   |   |
+---+---+---+
BACKTRACK
+---+---+---+
|738|156|924|
|649|378|251|
|25 |   |   |
+---+---+---+
|   |   |   |
|   |   |   |
|   |   |   |
+---+---+---+
|   |   |   |
|   |   |   |
|   |   |   |
+---+---+---+
22: 1
+---+---+---+
|738|156|924|
|649|378|251|
|251|   |   |
+---+---+---+
|   |   |   |
|   |   |   |
|   |   |   |
+---+---+---+
|   |   |   |
|   |   |   |
|   |   |   |
+---+---+---+
BACKTRACK
+---+---+---+
|738|156|924|
|649|378|251|
|5  |   |   |
+---+---+---+
|   |   |   |
|   |   |   |
|   |   |   |
+---+---+---+
|   |   |   |
|   |   |   |
|   |   |   |
+---+---+---+
21: 12
+---+---+---+
|738|156|924|
|649|378|251|
|51 |   |   |
+---+---+---+
|   |   |   |
|   |   |   |
|   |   |   |
+---+---+---+
|   |   |   |
|   |   |   |
|   |   |   |
+---+---+---+
22: 2
+---+---+---+
|738|156|924|
|649|378|251|
|512|   |   |
+---+---+---+
|   |   |   |
|   |   |   |
|   |   |   |
+---+---+---+
|   |   |   |
|   |   |   |
|   |   |   |
+---+---+---+
BACKTRACK
+---+---+---+
|738|156|924|
|649|378|251|
|52 |   |   |
+---+---+---+
|   |   |   |
|   |   |   |
|   |   |   |
+---+---+---+
|   |   |   |
|   |   |   |
|   |   |   |
+---+---+---+
22: 1
+---+---+---+
|738|156|924|
|649|378|251|
|521|   |   |
+---+---+---+
|   |   |   |
|   |   |   |
|   |   |   |
+---+---+---+
|   |   |   |
|   |   |   |
|   |   |   |
+---+---+---+
BACKTRACK
+---+---+---+
|738|156|924|
|649|378|251|
|1  |   |   |
+---+---+---+
|   |   |   |
|   |   |   |
|   |   |   |
+---+---+---+
|   |   |   |
|   |   |   |
|   |   |   |
+---+---+---+
21: 25
+---+---+---+
|738|156|924|
|649|378|251|
|15 |   |   |
+---+---+---+
|   |   |   |
|   |   |   |
|   |   |   |
+---+---+---+
|   |   |   |
|   |   |   |
|   |   |   |
+---+---+---+
22: 2
+---+---+---+
|738|156|924|
|649|378|251|
|152|   |   |
+---+---+---+
|   |   |   |
|   |   |   |
|   |   |   |
+---+---+---+
|   |   |   |
|   |   |   |
|   |   |   |
+---+---+---+
BACKTRACK
+---+---+---+
|738|156|924|
|649|378|251|
|12 |   |   |
+---+---+---+
|   |   |   |
|   |   |   |
|   |   |   |
+---+---+---+
|   |   |   |
|   |   |   |
|   |   |   |
+---+---+---+
22: 5
+---+---+---+
|738|156|924|
|649|378|251|
|125|   |   |
+---+---+---+
|   |   |   |
|   |   |   |
|   |   |   |
+---+---+---+
|   |   |   |
|   |   |   |
|   |   |   |
+---+---+---+
BACKTRACK
+---+---+---+
|738|156|924|
|649|378|21 |
|   |   |   |
+---+---+---+
|   |   |   |
|   |   |   |
|   |   |   |
+---+---+---+
|   |   |   |
|   |   |   |
|   |   |   |
+---+---+---+
18: 5
+---+---+---+
|738|156|924|
|649|378|215|
|   |   |   |
+---+---+---+
|   |   |   |
|   |   |   |
|   |   |   |
+---+---+---+
|   |   |   |
|   |   |   |
|   |   |   |
+---+---+---+
20: 125
+---+---+---+
|738|156|924|
|649|378|215|
|1  |   |   |
+---+---+---+
|   |   |   |
|   |   |   |
|   |   |   |
+---+---+---+
|   |   |   |
|   |   |   |
|   |   |   |
+---+---+---+
21: 25
+---+---+---+
|738|156|924|
|649|378|215|
|15 |   |   |
+---+---+---+
|   |   |   |
|   |   |   |
|   |   |   |
+---+---+---+
|   |   |   |
|   |   |   |
|   |   |   |
+---+---+---+
22: 2
+---+---+---+
|738|156|924|
|649|378|215|
|152|   |   |
+---+---+---+
|   |   |   |
|   |   |   |
|   |   |   |
+---+---+---+
|   |   |   |
|   |   |   |
|   |   |   |
+---+---+---+
BACKTRACK
+---+---+---+
|738|156|924|
|649|378|215|
|12 |   |   |
+---+---+---+
|   |   |   |
|   |   |   |
|   |   |   |
+---+---+---+
|   |   |   |
|   |   |   |
|   |   |   |
+---+---+---+
22: 5
+---+---+---+
|738|156|924|
|649|378|215|
|125|   |   |
+---+---+---+
|   |   |   |
|   |   |   |
|   |   |   |
+---+---+---+
|   |   |   |
|   |   |   |
|   |   |   |
+---+---+---+
BACKTRACK
+---+---+---+
|738|156|924|
|649|378|215|
|5  |   |   |
+---+---+---+
|   |   |   |
|   |   |   |
|   |   |   |
+---+---+---+
|   |   |   |
|   |   |   |
|   |   |   |
+---+---+---+
21: 12
+---+---+---+
|738|156|924|
|649|378|215|
|51 |   |   |
+---+---+---+
|   |   |   |
|   |   |   |
|   |   |   |
+---+---+---+
|   |   |   |
|   |   |   |
|   |   |   |
+---+---+---+
22: 2
+---+---+---+
|738|156|924|
|649|378|215|
|512|   |   |
+---+---+---+
|   |   |   |
|   |   |   |
|   |   |   |
+---+---+---+
|   |   |   |
|   |   |   |
|   |   |   |
+---+---+---+
BACKTRACK
+---+---+---+
|738|156|924|
|649|378|215|
|52 |   |   |
+---+---+---+
|   |   |   |
|   |   |   |
|   |   |   |
+---+---+---+
|   |   |   |
|   |   |   |
|   |   |   |
+---+---+---+
22: 1
+---+---+---+
|738|156|924|
|649|378|215|
|521|   |   |
+---+---+---+
|   |   |   |
|   |   |   |
|   |   |   |
+---+---+---+
|   |   |   |
|   |   |   |
|   |   |   |
+---+---+---+
BACKTRACK
+---+---+---+
|738|156|924|
|649|378|215|
|2  |   |   |
+---+---+---+
|   |   |   |
|   |   |   |
|   |   |   |
+---+---+---+
|   |   |   |
|   |   |   |
|   |   |   |
+---+---+---+
21: 15
+---+---+---+
|738|156|924|
|649|378|215|
|21 |   |   |
+---+---+---+
|   |   |   |
|   |   |   |
|   |   |   |
+---+---+---+
|   |   |   |
|   |   |   |
|   |   |   |
+---+---+---+
22: 5
+---+---+---+
|738|156|924|
|649|378|215|
|215|   |   |
+---+---+---+
|   |   |   |
|   |   |   |
|   |   |   |
+---+---+---+
|   |   |   |
|   |   |   |
|   |   |   |
+---+---+---+
BACKTRACK
+---+---+---+
|738|156|924|
|649|378|215|
|25 |   |   |
+---+---+---+
|   |   |   |
|   |   |   |
|   |   |   |
+---+---+---+
|   |   |   |
|   |   |   |
|   |   |   |
+---+---+---+
22: 1
+---+---+---+
|738|156|924|
|649|378|215|
|251|   |   |
+---+---+---+
|   |   |   |
|   |   |   |
|   |   |   |
+---+---+---+
|   |   |   |
|   |   |   |
|   |   |   |
+---+---+---+
BACKTRACK
+---+---+---+
|738|156|924|
|649|38 |   |
|   |   |   |
+---+---+---+
|   |   |   |
|   |   |   |
|   |   |   |
+---+---+---+
|   |   |   |
|   |   |   |
|   |   |   |
+---+---+---+
15: 1257
+---+---+---+
|738|156|924|
|649|381|   |
|   |   |   |
+---+---+---+
|   |   |   |
|   |   |   |
|   |   |   |
+---+---+---+
|   |   |   |
|   |   |   |
|   |   |   |
+---+---+---+
16: 257
+---+---+---+
|738|156|924|
|649|381|2  |
|   |   |   |
+---+---+---+
|   |   |   |
|   |   |   |
|   |   |   |
+---+---+---+
|   |   |   |
|   |   |   |
|   |   |   |
+---+---+---+
17: 57
+---+---+---+
|738|156|924|
|649|381|27 |
|   |   |   |
+---+---+---+
|   |   |   |
|   |   |   |
|   |   |   |
+---+---+---+
|   |   |   |
|   |   |   |
|   |   |   |
+---+---+---+
18: 5
+---+---+---+
|738|156|924|
|649|381|275|
|   |   |   |
+---+---+---+
|   |   |   |
|   |   |   |
|   |   |   |
+---+---+---+
|   |   |   |
|   |   |   |
|   |   |   |
+---+---+---+
20: 125
+---+---+---+
|738|156|924|
|649|381|275|
|1  |   |   |
+---+---+---+
|   |   |   |
|   |   |   |
|   |   |   |
+---+---+---+
|   |   |   |
|   |   |   |
|   |   |   |
+---+---+---+
21: 257
+---+---+---+
|738|156|924|
|649|381|275|
|12 |   |   |
+---+---+---+
|   |   |   |
|   |   |   |
|   |   |   |
+---+---+---+
|   |   |   |
|   |   |   |
|   |   |   |
+---+---+---+
BACKTRACK
+---+---+---+
|738|156|924|
|649|381|275|
|15 |   |   |
+---+---+---+
|   |   |   |
|   |   |   |
|   |   |   |
+---+---+---+
|   |   |   |
|   |   |   |
|   |   |   |
+---+---+---+
22: 2
+---+---+---+
|738|156|924|
|649|381|275|
|152|   |   |
+---+---+---+
|   |   |   |
|   |   |   |
|   |   |   |
+---+---+---+
|   |   |   |
|   |   |   |
|   |   |   |
+---+---+---+
BACKTRACK
+---+---+---+
|738|156|924|
|649|381|275|
|17 |   |   |
+---+---+---+
|   |   |   |
|   |   |   |
|   |   |   |
+---+---+---+
|   |   |   |
|   |   |   |
|   |   |   |
+---+---+---+
22: 25
+---+---+---+
|738|156|924|
|649|381|275|
|175|   |   |
+---+---+---+
|   |   |   |
|   |   |   |
|   |   |   |
+---+---+---+
|   |   |   |
|   |   |   |
|   |   |   |
+---+---+---+
23: 2
+---+---+---+
|738|156|924|
|649|381|275|
|175|2  |   |
+---+---+---+
|   |   |   |
|   |   |   |
|   |   |   |
+---+---+---+
|   |   |   |
|   |   |   |
|   |   |   |
+---+---+---+
24: 36
+---+---+---+
|738|156|924|
|649|381|275|
|175|26 |   |
+---+---+---+
|   |   |   |
|   |   |   |
|   |   |   |
+---+---+---+
|   |   |   |
|   |   |   |
|   |   |   |
+---+---+---+
25: 3489
+---+---+---+
|738|156|924|
|649|381|275|
|175|264|   |
+---+---+---+
|   |   |   |
|   |   |   |
|   |   |   |
+---+---+---+
|   |   |   |
|   |   |   |
|   |   |   |
+---+---+---+
26: 38
+---+---+---+
|738|156|924|
|649|381|275|
|175|264|8  |
+---+---+---+
|   |   |   |
|   |   |   |
|   |   |   |
+---+---+---+
|   |   |   |
|   |   |   |
|   |   |   |
+---+---+---+
27: 39
+---+---+---+
|738|156|924|
|649|381|275|
|175|264|89 |
+---+---+---+
|   |   |   |
|   |   |   |
|   |   |   |
+---+---+---+
|   |   |   |
|   |   |   |
|   |   |   |
+---+---+---+
28: 3
+---+---+---+
|738|156|924|
|649|381|275|
|175|264|893|
+---+---+---+
|   |   |   |
|   |   |   |
|   |   |   |
+---+---+---+
|   |   |   |
|   |   |   |
|   |   |   |
+---+---+---+
30: 234589
+---+---+---+
|738|156|924|
|649|381|275|
|175|264|893|
+---+---+---+
|8  |   |   |
|   |   |   |
|   |   |   |
+---+---+---+
|   |   |   |
|   |   |   |
|   |   |   |
+---+---+---+
31: 12569
+---+---+---+
|738|156|924|
|649|381|275|
|175|264|893|
+---+---+---+
|82 |   |   |
|   |   |   |
|   |   |   |
+---+---+---+
|   |   |   |
|   |   |   |
|   |   |   |
+---+---+---+
32: 13467
+---+---+---+
|738|156|924|
|649|381|275|
|175|264|893|
+---+---+---+
|826|   |   |
|   |   |   |
|   |   |   |
+---+---+---+
|   |   |   |
|   |   |   |
|   |   |   |
+---+---+---+
33: 4579
+---+---+---+
|738|156|924|
|649|381|275|
|175|264|893|
+---+---+---+
|826|4  |   |
|   |   |   |
|   |   |   |
+---+---+---+
|   |   |   |
|   |   |   |
|   |   |   |
+---+---+---+
34: 1379
+---+---+---+
|738|156|924|
|649|381|275|
|175|264|893|
+---+---+---+
|826|49 |   |
|   |   |   |
|   |   |   |
+---+---+---+
|   |   |   |
|   |   |   |
|   |   |   |
+---+---+---+
35: 357
+---+---+---+
|738|156|924|
|649|381|275|
|175|264|893|
+---+---+---+
|826|493|   |
|   |   |   |
|   |   |   |
+---+---+---+
|   |   |   |
|   |   |   |
|   |   |   |
+---+---+---+
36: 157
+---+---+---+
|738|156|924|
|649|381|275|
|175|264|893|
+---+---+---+
|826|493|1  |
|   |   |   |
|   |   |   |
+---+---+---+
|   |   |   |
|   |   |   |
|   |   |   |
+---+---+---+
37: 5
+---+---+---+
|738|156|924|
|649|381|275|
|175|264|893|
+---+---+---+
|826|493|15 |
|   |   |   |
|   |   |   |
+---+---+---+
|   |   |   |
|   |   |   |
|   |   |   |
+---+---+---+
38: 7
+---+---+---+
|738|156|924|
|649|381|275|
|175|264|893|
+---+---+---+
|826|493|157|
|   |   |   |
|   |   |   |
+---+---+---+
|   |   |   |
|   |   |   |
|   |   |   |
+---+---+---+
40: 23459
+---+---+---+
|738|156|924|
|649|381|275|
|175|264|893|
+---+---+---+
|826|493|157|
|2  |   |   |
|   |   |   |
+---+---+---+
|   |   |   |
|   |   |   |
|   |   |   |
+---+---+---+
41: 15689
+---+---+---+
|738|156|924|
|649|381|275|
|175|264|893|
+---+---+---+
|826|493|157|
|26 |   |   |
|   |   |   |
+---+---+---+
|   |   |   |
|   |   |   |
|   |   |   |
+---+---+---+
42: 1347
+---+---+---+
|738|156|924|
|649|381|275|
|175|264|893|
+---+---+---+
|826|493|157|
|263|   |   |
|   |   |   |
+---+---+---+
|   |   |   |
|   |   |   |
|   |   |   |
+---+---+---+
43: 5789
+---+---+---+
|738|156|924|
|649|381|275|
|175|264|893|
+---+---+---+
|826|493|157|
|263|5  |   |
|   |   |   |
+---+---+---+
|   |   |   |
|   |   |   |
|   |   |   |
+---+---+---+
44: 147
+---+---+---+
|738|156|924|
|649|381|275|
|175|264|893|
+---+---+---+
|826|493|157|
|263|54 |   |
|   |   |   |
+---+---+---+
|   |   |   |
|   |   |   |
|   |   |   |
+---+---+---+
45: 789
+---+---+---+
|738|156|924|
|649|381|275|
|175|264|893|
+---+---+---+
|826|493|157|
|263|548|   |
|   |   |   |
+---+---+---+
|   |   |   |
|   |   |   |
|   |   |   |
+---+---+---+
46: 7
+---+---+---+
|738|156|924|
|649|381|275|
|175|264|893|
+---+---+---+
|826|493|157|
|263|548|7  |
|   |   |   |
+---+---+---+
|   |   |   |
|   |   |   |
|   |   |   |
+---+---+---+
47: 1
+---+---+---+
|738|156|924|
|649|381|275|
|175|264|893|
+---+---+---+
|826|493|157|
|263|548|71 |
|   |   |   |
+---+---+---+
|   |   |   |
|   |   |   |
|   |   |   |
+---+---+---+
48: 9
+---+---+---+
|738|156|924|
|649|381|275|
|175|264|893|
+---+---+---+
|826|493|157|
|263|548|719|
|   |   |   |
+---+---+---+
|   |   |   |
|   |   |   |
|   |   |   |
+---+---+---+
50: 3459
+---+---+---+
|738|156|924|
|649|381|275|
|175|264|893|
+---+---+---+
|826|493|157|
|263|548|719|
|4  |   |   |
+---+---+---+
|   |   |   |
|   |   |   |
|   |   |   |
+---+---+---+
51: 1589
+---+---+---+
|738|156|924|
|649|381|275|
|175|264|893|
+---+---+---+
|826|493|157|
|263|548|719|
|41 |   |   |
+---+---+---+
|   |   |   |
|   |   |   |
|   |   |   |
+---+---+---+
52: 27
+---+---+---+
|738|156|924|
|649|381|275|
|175|264|893|
+---+---+---+
|826|493|157|
|263|548|719|
|412|   |   |
+---+---+---+
|   |   |   |
|   |   |   |
|   |   |   |
+---+---+---+
53: 6789
+---+---+---+
|738|156|924|
|649|381|275|
|175|264|893|
+---+---+---+
|826|493|157|
|263|548|719|
|412|7  |   |
+---+---+---+
|   |   |   |
|   |   |   |
|   |   |   |
+---+---+---+
54: 3
+---+---+---+
|738|156|924|
|649|381|275|
|175|264|893|
+---+---+---+
|826|493|157|
|263|548|719|
|412|73 |   |
+---+---+---+
|   |   |   |
|   |   |   |
|   |   |   |
+---+---+---+
55: 59
+---+---+---+
|738|156|924|
|649|381|275|
|175|264|893|
+---+---+---+
|826|493|157|
|263|548|719|
|412|739|   |
+---+---+---+
|   |   |   |
|   |   |   |
|   |   |   |
+---+---+---+
56: 56
+---+---+---+
|738|156|924|
|649|381|275|
|175|264|893|
+---+---+---+
|826|493|157|
|263|548|719|
|412|739|5  |
+---+---+---+
|   |   |   |
|   |   |   |
|   |   |   |
+---+---+---+
57: 68
+---+---+---+
|738|156|924|
|649|381|275|
|175|264|893|
+---+---+---+
|826|493|157|
|263|548|719|
|412|739|58 |
+---+---+---+
|   |   |   |
|   |   |   |
|   |   |   |
+---+---+---+
58: 6
+---+---+---+
|738|156|924|
|649|381|275|
|175|264|893|
+---+---+---+
|826|493|157|
|263|548|719|
|412|739|586|
+---+---+---+
|   |   |   |
|   |   |   |
|   |   |   |
+---+---+---+
60: 359
+---+---+---+
|738|156|924|
|649|381|275|
|175|264|893|
+---+---+---+
|826|493|157|
|263|548|719|
|412|739|586|
+---+---+---+
|9  |   |   |
|   |   |   |
|   |   |   |
+---+---+---+
61: 58
+---+---+---+
|738|156|924|
|649|381|275|
|175|264|893|
+---+---+---+
|826|493|157|
|263|548|719|
|412|739|586|
+---+---+---+
|98 |   |   |
|   |   |   |
|   |   |   |
+---+---+---+
62: 147
+---+---+---+
|738|156|924|
|649|381|275|
|175|264|893|
+---+---+---+
|826|493|157|
|263|548|719|
|412|739|586|
+---+---+---+
|987|   |   |
|   |   |   |
|   |   |   |
+---+---+---+
63: 6
+---+---+---+
|738|156|924|
|649|381|275|
|175|264|893|
+---+---+---+
|826|493|157|
|263|548|719|
|412|739|586|
+---+---+---+
|987|6  |   |
|   |   |   |
|   |   |   |
+---+---+---+
64: 12
+---+---+---+
|738|156|924|
|649|381|275|
|175|264|893|
+---+---+---+
|826|493|157|
|263|548|719|
|412|739|586|
+---+---+---+
|987|61 |   |
|   |   |   |
|   |   |   |
+---+---+---+
65: 25
+---+---+---+
|738|156|924|
|649|381|275|
|175|264|893|
+---+---+---+
|826|493|157|
|263|548|719|
|412|739|586|
+---+---+---+
|987|615|   |
|   |   |   |
|   |   |   |
+---+---+---+
66: 34
+---+---+---+
|738|156|924|
|649|381|275|
|175|264|893|
+---+---+---+
|826|493|157|
|263|548|719|
|412|739|586|
+---+---+---+
|987|615|4  |
|   |   |   |
|   |   |   |
+---+---+---+
67: 23
+---+---+---+
|738|156|924|
|649|381|275|
|175|264|893|
+---+---+---+
|826|493|157|
|263|548|719|
|412|739|586|
+---+---+---+
|987|615|43 |
|   |   |   |
|   |   |   |
+---+---+---+
68: 2
+---+---+---+
|738|156|924|
|649|381|275|
|175|264|893|
+---+---+---+
|826|493|157|
|263|548|719|
|412|739|586|
+---+---+---+
|987|615|432|
|   |   |   |
|   |   |   |
+---+---+---+
70: 35
+---+---+---+
|738|156|924|
|649|381|275|
|175|264|893|
+---+---+---+
|826|493|157|
|263|548|719|
|412|739|586|
+---+---+---+
|987|615|432|
|3  |   |   |
|   |   |   |
+---+---+---+
71: 59
+---+---+---+
|738|156|924|
|649|381|275|
|175|264|893|
+---+---+---+
|826|493|157|
|263|548|719|
|412|739|586|
+---+---+---+
|987|615|432|
|35 |   |   |
|   |   |   |
+---+---+---+
72: 14
+---+---+---+
|738|156|924|
|649|381|275|
|175|264|893|
+---+---+---+
|826|493|157|
|263|548|719|
|412|739|586|
+---+---+---+
|987|615|432|
|351|   |   |
|   |   |   |
+---+---+---+
73: 89
+---+---+---+
|738|156|924|
|649|381|275|
|175|264|893|
+---+---+---+
|826|493|157|
|263|548|719|
|412|739|586|
+---+---+---+
|987|615|432|
|351|8  |   |
|   |   |   |
+---+---+---+
74: 27
+---+---+---+
|738|156|924|
|649|381|275|
|175|264|893|
+---+---+---+
|826|493|157|
|263|548|719|
|412|739|586|
+---+---+---+
|987|615|432|
|351|82 |   |
|   |   |   |
+---+---+---+
75: 7
+---+---+---+
|738|156|924|
|649|381|275|
|175|264|893|
+---+---+---+
|826|493|157|
|263|548|719|
|412|739|586|
+---+---+---+
|987|615|432|
|351|827|   |
|   |   |   |
+---+---+---+
76: 6
+---+---+---+
|738|156|924|
|649|381|275|
|175|264|893|
+---+---+---+
|826|493|157|
|263|548|719|
|412|739|586|
+---+---+---+
|987|615|432|
|351|827|6  |
|   |   |   |
+---+---+---+
77: 4
+---+---+---+
|738|156|924|
|649|381|275|
|175|264|893|
+---+---+---+
|826|493|157|
|263|548|719|
|412|739|586|
+---+---+---+
|987|615|432|
|351|827|64 |
|   |   |   |
+---+---+---+
BACKTRACK
+---+---+---+
|738|156|924|
|649|381|275|
|175|264|893|
+---+---+---+
|826|493|157|
|263|548|719|
|412|739|586|
+---+---+---+
|987|615|432|
|351|87 |   |
|   |   |   |
+---+---+---+
75: 246
+---+---+---+
|738|156|924|
|649|381|275|
|175|264|893|
+---+---+---+
|826|493|157|
|263|548|719|
|412|739|586|
+---+---+---+
|987|615|432|
|351|876|   |
|   |   |   |
+---+---+---+
76: 24
+---+---+---+
|738|156|924|
|649|381|275|
|175|264|893|
+---+---+---+
|826|493|157|
|263|548|719|
|412|739|586|
+---+---+---+
|987|615|432|
|351|876|2  |
|   |   |   |
+---+---+---+
77: 4
+---+---+---+
|738|156|924|
|649|381|275|
|175|264|893|
+---+---+---+
|826|493|157|
|263|548|719|
|412|739|586|
+---+---+---+
|987|615|432|
|351|876|24 |
|   |   |   |
+---+---+---+
BACKTRACK
+---+---+---+
|738|156|924|
|649|381|275|
|175|264|893|
+---+---+---+
|826|493|157|
|263|548|719|
|412|739|586|
+---+---+---+
|987|615|432|
|351|876|4  |
|   |   |   |
+---+---+---+
77: 2
+---+---+---+
|738|156|924|
|649|381|275|
|175|264|893|
+---+---+---+
|826|493|157|
|263|548|719|
|412|739|586|
+---+---+---+
|987|615|432|
|351|876|42 |
|   |   |   |
+---+---+---+
BACKTRACK
+---+---+---+
|738|156|924|
|649|381|275|
|175|264|893|
+---+---+---+
|826|493|157|
|263|548|719|
|412|739|586|
+---+---+---+
|987|615|432|
|351|874|   |
|   |   |   |
+---+---+---+
76: 26
+---+---+---+
|738|156|924|
|649|381|275|
|175|264|893|
+---+---+---+
|826|493|157|
|263|548|719|
|412|739|586|
+---+---+---+
|987|615|432|
|351|874|6  |
|   |   |   |
+---+---+---+
77: 2
+---+---+---+
|738|156|924|
|649|381|275|
|175|264|893|
+---+---+---+
|826|493|157|
|263|548|719|
|412|739|586|
+---+---+---+
|987|615|432|
|351|874|62 |
|   |   |   |
+---+---+---+
BACKTRACK
+---+---+---+
|738|156|924|
|649|381|275|
|175|264|893|
+---+---+---+
|826|493|157|
|263|548|719|
|412|739|586|
+---+---+---+
|987|615|432|
|351|874|2  |
|   |   |   |
+---+---+---+
77: 6
+---+---+---+
|738|156|924|
|649|381|275|
|175|264|893|
+---+---+---+
|826|493|157|
|263|548|719|
|412|739|586|
+---+---+---+
|987|615|432|
|351|874|26 |
|   |   |   |
+---+---+---+
BACKTRACK
+---+---+---+
|738|156|924|
|649|381|275|
|175|264|893|
+---+---+---+
|826|493|157|
|263|548|719|
|412|739|586|
+---+---+---+
|987|615|432|
|351|872|   |
|   |   |   |
+---+---+---+
76: 46
+---+---+---+
|738|156|924|
|649|381|275|
|175|264|893|
+---+---+---+
|826|493|157|
|263|548|719|
|412|739|586|
+---+---+---+
|987|615|432|
|351|872|6  |
|   |   |   |
+---+---+---+
77: 4
+---+---+---+
|738|156|924|
|649|381|275|
|175|264|893|
+---+---+---+
|826|493|157|
|263|548|719|
|412|739|586|
+---+---+---+
|987|615|432|
|351|872|64 |
|   |   |   |
+---+---+---+
BACKTRACK
+---+---+---+
|738|156|924|
|649|381|275|
|175|264|893|
+---+---+---+
|826|493|157|
|263|548|719|
|412|739|586|
+---+---+---+
|987|615|432|
|351|872|4  |
|   |   |   |
+---+---+---+
77: 6
+---+---+---+
|738|156|924|
|649|381|275|
|175|264|893|
+---+---+---+
|826|493|157|
|263|548|719|
|412|739|586|
+---+---+---+
|987|615|432|
|351|872|46 |
|   |   |   |
+---+---+---+
BACKTRACK
+---+---+---+
|738|156|924|
|649|381|275|
|175|264|893|
+---+---+---+
|826|493|157|
|263|548|719|
|412|739|586|
+---+---+---+
|987|615|432|
|351|9  |   |
|   |   |   |
+---+---+---+
74: 24678
+---+---+---+
|738|156|924|
|649|381|275|
|175|264|893|
+---+---+---+
|826|493|157|
|263|548|719|
|412|739|586|
+---+---+---+
|987|615|432|
|351|96 |   |
|   |   |   |
+---+---+---+
75: 2478
+---+---+---+
|738|156|924|
|649|381|275|
|175|264|893|
+---+---+---+
|826|493|157|
|263|548|719|
|412|739|586|
+---+---+---+
|987|615|432|
|351|964|   |
|   |   |   |
+---+---+---+
76: 278
+---+---+---+
|738|156|924|
|649|381|275|
|175|264|893|
+---+---+---+
|826|493|157|
|263|548|719|
|412|739|586|
+---+---+---+
|987|615|432|
|351|964|7  |
|   |   |   |
+---+---+---+
77: 28
+---+---+---+
|738|156|924|
|649|381|275|
|175|264|893|
+---+---+---+
|826|493|157|
|263|548|719|
|412|739|586|
+---+---+---+
|987|615|432|
|351|964|72 |
|   |   |   |
+---+---+---+
78: 8
+---+---+---+
|738|156|924|
|649|381|275|
|175|264|893|
+---+---+---+
|826|493|157|
|263|548|719|
|412|739|586|
+---+---+---+
|987|615|432|
|351|964|728|
|   |   |   |
+---+---+---+
80: 5
+---+---+---+
|738|156|924|
|649|381|275|
|175|264|893|
+---+---+---+
|826|493|157|
|263|548|719|
|412|739|586|
+---+---+---+
|987|615|432|
|351|964|728|
|5  |   |   |
+---+---+---+
81: 9
+---+---+---+
|738|156|924|
|649|381|275|
|175|264|893|
+---+---+---+
|826|493|157|
|263|548|719|
|412|739|586|
+---+---+---+
|987|615|432|
|351|964|728|
|59 |   |   |
+---+---+---+
82: 4
+---+---+---+
|738|156|924|
|649|381|275|
|175|264|893|
+---+---+---+
|826|493|157|
|263|548|719|
|412|739|586|
+---+---+---+
|987|615|432|
|351|964|728|
|594|   |   |
+---+---+---+
83: 8
+---+---+---+
|738|156|924|
|649|381|275|
|175|264|893|
+---+---+---+
|826|493|157|
|263|548|719|
|412|739|586|
+---+---+---+
|987|615|432|
|351|964|728|
|594|8  |   |
+---+---+---+
84: 27
+---+---+---+
|738|156|924|
|649|381|275|
|175|264|893|
+---+---+---+
|826|493|157|
|263|548|719|
|412|739|586|
+---+---+---+
|987|615|432|
|351|964|728|
|594|87 |   |
+---+---+---+
85: 26
+---+---+---+
|738|156|924|
|649|381|275|
|175|264|893|
+---+---+---+
|826|493|157|
|263|548|719|
|412|739|586|
+---+---+---+
|987|615|432|
|351|964|728|
|594|872|   |
+---+---+---+
86: 36
+---+---+---+
|738|156|924|
|649|381|275|
|175|264|893|
+---+---+---+
|826|493|157|
|263|548|719|
|412|739|586|
+---+---+---+
|987|615|432|
|351|964|728|
|594|872|3  |
+---+---+---+
87: 6
+---+---+---+
|738|156|924|
|649|381|275|
|175|264|893|
+---+---+---+
|826|493|157|
|263|548|719|
|412|739|586|
+---+---+---+
|987|615|432|
|351|964|728|
|594|872|36 |
+---+---+---+
88: 1
+---+---+---+
|738|156|924|
|649|381|275|
|175|264|893|
+---+---+---+
|826|493|157|
|263|548|719|
|412|739|586|
+---+---+---+
|987|615|432|
|351|964|728|
|594|872|361|
+---+---+---+
DONE
